<?xml version="1.0" encoding="utf-8"?><testsuites name="pytest tests"><testsuite name="pytest" errors="0" failures="0" skipped="0" tests="26" time="11.049" timestamp="2026-03-07T06:43:48.486482+00:00" hostname="agent-env-9d4aab2a-ad6a-4d3e-97b9-bb88b2237962"><testcase classname="backend.tests.test_leximaster_api.TestHealthEndpoints" name="test_api_root" time="0.137" /><testcase classname="backend.tests.test_leximaster_api.TestHealthEndpoints" name="test_health_check" time="0.104" /><testcase classname="backend.tests.test_leximaster_api.TestStudentLogin" name="test_student_login_with_6_digit_pin" time="0.103" /><testcase classname="backend.tests.test_leximaster_api.TestStudentLogin" name="test_student_login_with_6_digit_pin_second_student" time="0.107" /><testcase classname="backend.tests.test_leximaster_api.TestStudentLogin" name="test_student_login_wrong_pin" time="0.116" /><testcase classname="backend.tests.test_leximaster_api.TestStudentLogin" name="test_student_login_wrong_code" time="0.108" /><testcase classname="backend.tests.test_leximaster_api.TestGuardianAuth" name="test_guardian_registration" time="0.335" /><testcase classname="backend.tests.test_leximaster_api.TestGuardianAuth" name="test_guardian_login" time="0.671" /><testcase classname="backend.tests.test_leximaster_api.TestGuardianAuth" name="test_guardian_login_invalid_credentials" time="0.108" /><testcase classname="backend.tests.test_leximaster_api.TestGuardianAuth" name="test_duplicate_registration_fails" time="0.439" /><testcase classname="backend.tests.test_leximaster_api.TestWordBanks" name="test_get_word_banks" time="0.109" /><testcase classname="backend.tests.test_leximaster_api.TestWordBanks" name="test_get_word_bank_by_id" time="0.213" /><testcase classname="backend.tests.test_leximaster_api.TestStudentsAPI" name="test_create_student" time="0.754" /><testcase classname="backend.tests.test_leximaster_api.TestStudentsAPI" name="test_get_students_by_guardian" time="0.801" /><testcase classname="backend.tests.test_leximaster_api.TestStudentsAPI" name="test_student_login_after_creation" time="0.953" /><testcase classname="backend.tests.test_leximaster_api.TestSubscriptions" name="test_get_subscription_requires_auth" time="0.130" /><testcase classname="backend.tests.test_progress_dashboard.TestProgressEndpointAuth" name="test_progress_requires_authentication" time="0.104" /><testcase classname="backend.tests.test_progress_dashboard.TestProgressEndpointAuth" name="test_progress_rejects_unauthorized_guardian" time="1.209" /><testcase classname="backend.tests.test_progress_dashboard.TestProgressEndpointData" name="test_progress_returns_correct_structure" time="0.435" /><testcase classname="backend.tests.test_progress_dashboard.TestProgressEndpointData" name="test_progress_student_data" time="0.557" /><testcase classname="backend.tests.test_progress_dashboard.TestProgressEndpointData" name="test_progress_reading_stats_structure" time="0.536" /><testcase classname="backend.tests.test_progress_dashboard.TestProgressEndpointData" name="test_progress_vocabulary_structure" time="0.550" /><testcase classname="backend.tests.test_progress_dashboard.TestProgressEndpointData" name="test_progress_assessments_structure" time="0.548" /><testcase classname="backend.tests.test_progress_dashboard.TestProgressEndpointData" name="test_progress_narratives_structure" time="0.525" /><testcase classname="backend.tests.test_progress_dashboard.TestProgressEmptyStates" name="test_progress_with_no_activity" time="0.889" /><testcase classname="backend.tests.test_progress_dashboard.TestProgressEndpointNotFound" name="test_progress_nonexistent_student" time="0.434" /></testsuite></testsuites>