<?xml version="1.0" encoding="utf-8"?><testsuites name="pytest tests"><testsuite name="pytest" errors="0" failures="0" skipped="0" tests="20" time="11.383" timestamp="2026-03-07T06:57:10.192862+00:00" hostname="agent-env-9d4aab2a-ad6a-4d3e-97b9-bb88b2237962"><testcase classname="backend.tests.test_export_student_data.TestExportAuthentication" name="test_export_requires_authentication" time="0.145" /><testcase classname="backend.tests.test_export_student_data.TestExportAuthentication" name="test_export_rejects_unauthorized_guardian" time="1.211" /><testcase classname="backend.tests.test_export_student_data.TestJSONExport" name="test_json_export_status_code" time="0.569" /><testcase classname="backend.tests.test_export_student_data.TestJSONExport" name="test_json_export_content_disposition_header" time="0.544" /><testcase classname="backend.tests.test_export_student_data.TestJSONExport" name="test_json_export_content_type" time="0.590" /><testcase classname="backend.tests.test_export_student_data.TestJSONExport" name="test_json_export_includes_report_date" time="0.539" /><testcase classname="backend.tests.test_export_student_data.TestJSONExport" name="test_json_export_includes_exported_by" time="0.567" /><testcase classname="backend.tests.test_export_student_data.TestJSONExport" name="test_json_export_all_sections" time="0.542" /><testcase classname="backend.tests.test_export_student_data.TestJSONExport" name="test_json_export_student_profile" time="0.575" /><testcase classname="backend.tests.test_export_student_data.TestHTMLExport" name="test_html_export_status_code" time="0.575" /><testcase classname="backend.tests.test_export_student_data.TestHTMLExport" name="test_html_export_content_type" time="0.584" /><testcase classname="backend.tests.test_export_student_data.TestHTMLExport" name="test_html_export_is_valid_html" time="0.552" /><testcase classname="backend.tests.test_export_student_data.TestHTMLExport" name="test_html_export_contains_student_name" time="0.629" /><testcase classname="backend.tests.test_export_student_data.TestHTMLExport" name="test_html_export_contains_stats_grid" time="0.531" /><testcase classname="backend.tests.test_export_student_data.TestHTMLExport" name="test_html_export_contains_assessment_table" time="0.526" /><testcase classname="backend.tests.test_export_student_data.TestHTMLExport" name="test_html_export_contains_story_table" time="0.529" /><testcase classname="backend.tests.test_export_student_data.TestHTMLExport" name="test_html_export_contains_print_button" time="0.548" /><testcase classname="backend.tests.test_export_student_data.TestHTMLExport" name="test_html_export_contains_print_styles" time="0.556" /><testcase classname="backend.tests.test_export_student_data.TestExportEdgeCases" name="test_export_nonexistent_student" time="0.430" /><testcase classname="backend.tests.test_export_student_data.TestExportEdgeCases" name="test_export_default_format_is_json" time="0.528" /></testsuite></testsuites>