<?xml version="1.0" encoding="utf-8"?><testsuites name="pytest tests"><testsuite name="pytest" errors="0" failures="0" skipped="0" tests="12" time="2.348" timestamp="2026-03-07T20:20:05.964629+00:00" hostname="agent-env-1a9d170d-43ac-4424-bfe8-5ea73ec5b48a"><testcase classname="backend.tests.test_brand_analytics.TestAnalyticsAuth" name="test_analytics_requires_auth" time="0.201" /><testcase classname="backend.tests.test_brand_analytics.TestAnalyticsAuth" name="test_analytics_requires_brand_partner_role" time="0.139" /><testcase classname="backend.tests.test_brand_analytics.TestAnalyticsEndpoint" name="test_analytics_returns_200" time="0.477" /><testcase classname="backend.tests.test_brand_analytics.TestAnalyticsEndpoint" name="test_analytics_returns_required_fields" time="0.114" /><testcase classname="backend.tests.test_brand_analytics.TestAnalyticsEndpoint" name="test_metrics_contains_all_fields" time="0.112" /><testcase classname="backend.tests.test_brand_analytics.TestAnalyticsEndpoint" name="test_daily_impressions_structure" time="0.122" /><testcase classname="backend.tests.test_brand_analytics.TestAnalyticsEndpoint" name="test_campaign_breakdown_structure" time="0.110" /><testcase classname="backend.tests.test_brand_analytics.TestAnalyticsEndpoint" name="test_product_breakdown_structure" time="0.193" /><testcase classname="backend.tests.test_brand_analytics.TestAnalyticsWithSeededData" name="test_seeded_impressions_data" time="0.490" /><testcase classname="backend.tests.test_brand_analytics.TestAnalyticsWithSeededData" name="test_budget_utilization_calculation" time="0.107" /><testcase classname="backend.tests.test_brand_analytics.TestAnalyticsWithSeededData" name="test_velocity_change_calculation" time="0.117" /><testcase classname="backend.tests.test_brand_analytics.TestAnalyticsWithSeededData" name="test_avg_cpi_calculation" time="0.105" /></testsuite></testsuites>