<?xml version="1.0" encoding="utf-8"?><testsuites name="pytest tests"><testsuite name="pytest" errors="0" failures="1" skipped="0" tests="16" time="2.411" timestamp="2026-03-08T03:01:23.637119+00:00" hostname="agent-env-23a89fe2-135d-437b-8e5d-4a8a5d99c4c6"><testcase classname="backend.tests.test_iteration_23_rebrand_contest_edit.TestHealthCheck" name="test_backend_health" time="0.176" /><testcase classname="backend.tests.test_iteration_23_rebrand_contest_edit.TestRebrand" name="test_admin_login_response_no_leximaster" time="0.301" /><testcase classname="backend.tests.test_iteration_23_rebrand_contest_edit.TestRebrand" name="test_guardian_login_response_no_leximaster" time="0.287" /><testcase classname="backend.tests.test_iteration_23_rebrand_contest_edit.TestContestList" name="test_list_contests" time="0.332" /><testcase classname="backend.tests.test_iteration_23_rebrand_contest_edit.TestContestList" name="test_list_contests_has_march_madness" time="0.058" /><testcase classname="backend.tests.test_iteration_23_rebrand_contest_edit.TestContestEdit" name="test_edit_contest_title" time="0.164" /><testcase classname="backend.tests.test_iteration_23_rebrand_contest_edit.TestContestEdit" name="test_edit_contest_prize_description" time="0.112" /><testcase classname="backend.tests.test_iteration_23_rebrand_contest_edit.TestContestEdit" name="test_edit_contest_dates" time="0.102" /><testcase classname="backend.tests.test_iteration_23_rebrand_contest_edit.TestContestEdit" name="test_edit_contest_runner_up_prizes" time="0.106" /><testcase classname="backend.tests.test_iteration_23_rebrand_contest_edit.TestContestEdit" name="test_edit_all_fields_at_once" time="0.107" /><testcase classname="backend.tests.test_iteration_23_rebrand_contest_edit.TestContestEdit" name="test_edit_nonexistent_contest_returns_404" time="0.050" /><testcase classname="backend.tests.test_iteration_23_rebrand_contest_edit.TestContestEdit" name="test_edit_empty_data_returns_400" time="0.050" /><testcase classname="backend.tests.test_iteration_23_rebrand_contest_edit.TestContestToggle" name="test_toggle_contest_active_status" time="0.158" /><testcase classname="backend.tests.test_iteration_23_rebrand_contest_edit.TestPublicContestEndpoints" name="test_get_active_contest_public" time="0.051" /><testcase classname="backend.tests.test_iteration_23_rebrand_contest_edit.TestPublicContestEndpoints" name="test_get_leaderboard_public" time="0.056"><failure message="AssertionError: assert False&#10; +  where False = isinstance({'leaderboard': [{'display_name': 'Test A.', 'rank': 1, 'referral_count': 2, 'total_earned': 10.0, ...}, {'display_name': 'Allen', 'rank': 2, 'referral_count': 1, 'total_earned': 5.0, ...}]}, list)">backend/tests/test_iteration_23_rebrand_contest_edit.py:350: in test_get_leaderboard_public
    assert isinstance(data, list)
E   AssertionError: assert False
E    +  where False = isinstance({'leaderboard': [{'display_name': 'Test A.', 'rank': 1, 'referral_count': 2, 'total_earned': 10.0, ...}, {'display_name': 'Allen', 'rank': 2, 'referral_count': 1, 'total_earned': 5.0, ...}]}, list)</failure></testcase><testcase classname="backend.tests.test_iteration_23_rebrand_contest_edit.TestContestCreateDelete" name="test_create_and_delete_contest" time="0.207" /></testsuite></testsuites>