<?xml version="1.0" encoding="utf-8"?><testsuites name="pytest tests"><testsuite name="pytest" errors="0" failures="0" skipped="0" tests="11" time="8.634" timestamp="2026-03-07T07:50:59.600607+00:00" hostname="agent-env-9d4aab2a-ad6a-4d3e-97b9-bb88b2237962"><testcase classname="tests.test_iteration_6_admin_websocket.TestHealthAndSetup" name="test_health_endpoint" time="0.124" /><testcase classname="tests.test_iteration_6_admin_websocket.TestAdminCostsEndpoint" name="test_admin_costs_without_auth" time="0.106" /><testcase classname="tests.test_iteration_6_admin_websocket.TestAdminCostsEndpoint" name="test_admin_costs_with_auth" time="0.445" /><testcase classname="tests.test_iteration_6_admin_websocket.TestAdminModelsEndpoint" name="test_get_models_config" time="0.462" /><testcase classname="tests.test_iteration_6_admin_websocket.TestAdminModelsEndpoint" name="test_update_models_config_emergent" time="0.590" /><testcase classname="tests.test_iteration_6_admin_websocket.TestAdminModelsEndpoint" name="test_update_models_config_openrouter" time="0.541" /><testcase classname="tests.test_iteration_6_admin_websocket.TestWebSocketEndpoint" name="test_websocket_connection" time="5.429" /><testcase classname="tests.test_iteration_6_admin_websocket.TestTeacherAuth" name="test_teacher_can_access_admin_costs" time="0.455" /><testcase classname="tests.test_iteration_6_admin_websocket.TestTeacherAuth" name="test_teacher_can_access_admin_models" time="0.429" /><testcase classname="tests.test_iteration_6_admin_websocket.TestStoryDialogDataTestIds" name="test_story_dialog_testids_exist_in_code" time="0.001" /><testcase classname="tests.test_iteration_6_admin_websocket.TestAdminPortalCodeReview" name="test_admin_portal_has_testids" time="0.000" /></testsuite></testsuites>