<?xml version="1.0" encoding="utf-8"?><testsuites name="pytest tests"><testsuite name="pytest" errors="0" failures="0" skipped="0" tests="7" time="1.328" timestamp="2026-03-10T06:28:58.612823+00:00" hostname="agent-env-7c873438-d57a-4850-9809-40670d50791b"><testcase classname="backend.tests.test_parental_controls.TestParentalControlsAPI" name="test_get_parental_controls_returns_defaults_or_saved" time="0.510" /><testcase classname="backend.tests.test_parental_controls.TestParentalControlsAPI" name="test_get_parental_controls_for_nonexistent_student" time="0.095" /><testcase classname="backend.tests.test_parental_controls.TestParentalControlsAPI" name="test_put_parental_controls_saves_audio_required" time="0.207" /><testcase classname="backend.tests.test_parental_controls.TestParentalControlsAPI" name="test_put_parental_controls_video_required" time="0.099" /><testcase classname="backend.tests.test_parental_controls.TestParentalControlsAPI" name="test_put_parental_controls_both_required" time="0.139" /><testcase classname="backend.tests.test_parental_controls.TestParentalControlsAPI" name="test_put_parental_controls_optional" time="0.103" /><testcase classname="backend.tests.test_parental_controls.TestBrutalComponentColors" name="test_students_endpoint_returns_valid_data" time="0.114" /></testsuite></testsuites>