<?xml version="1.0" encoding="utf-8"?><testsuites name="pytest tests"><testsuite name="pytest" errors="0" failures="0" skipped="0" tests="15" time="4.729" timestamp="2026-03-10T02:30:25.555657+00:00" hostname="agent-env-7ad6c276-b92f-47d8-b91e-6842607a5ba3"><testcase classname="backend.tests.test_iteration_35_brand_competition.TestBrandCompetitionSystem" name="test_opt_out_analytics_endpoint_exists" time="0.596" /><testcase classname="backend.tests.test_iteration_35_brand_competition.TestBrandCompetitionSystem" name="test_opt_out_analytics_rates_are_valid" time="0.149" /><testcase classname="backend.tests.test_iteration_35_brand_competition.TestBrandCompetitionSystem" name="test_competition_education_tech" time="0.114" /><testcase classname="backend.tests.test_iteration_35_brand_competition.TestBrandCompetitionSystem" name="test_competition_sports_active" time="0.113" /><testcase classname="backend.tests.test_iteration_35_brand_competition.TestBrandCompetitionSystem" name="test_competition_healthy_food" time="0.129" /><testcase classname="backend.tests.test_iteration_35_brand_competition.TestBrandCompetitionSystem" name="test_competition_reading_literacy" time="0.169" /><testcase classname="backend.tests.test_iteration_35_brand_competition.TestBrandCompetitionSystem" name="test_competition_brand_data_structure" time="0.107" /><testcase classname="backend.tests.test_iteration_35_brand_competition.TestBrandCompetitionSystem" name="test_competition_empty_category" time="0.131" /><testcase classname="backend.tests.test_iteration_35_brand_competition.TestBrandCompetitionSystem" name="test_brands_list_count" time="0.129" /><testcase classname="backend.tests.test_iteration_35_brand_competition.TestBrandCompetitionSystem" name="test_brands_have_problem_category" time="0.136" /><testcase classname="backend.tests.test_iteration_35_brand_competition.TestBrandCompetitionSystem" name="test_brands_have_bid_amount" time="0.123" /><testcase classname="backend.tests.test_iteration_35_brand_competition.TestBrandCompetitionSystem" name="test_brand_offers_list" time="0.110" /><testcase classname="backend.tests.test_iteration_35_brand_competition.TestBrandEligibilityEngine" name="test_brand_eligibility_endpoint" time="0.612" /><testcase classname="backend.tests.test_iteration_35_brand_competition.TestBrandEligibilityEngine" name="test_brand_eligibility_respects_opt_out" time="0.109" /><testcase classname="backend.tests.test_iteration_35_brand_competition.TestProblemCategories" name="test_all_problem_categories" time="1.912" /></testsuite></testsuites>