<?xml version="1.0" encoding="utf-8"?><testsuites name="pytest tests"><testsuite name="pytest" errors="0" failures="0" skipped="0" tests="7" time="11.030" timestamp="2026-03-07T20:03:51.902523+00:00" hostname="agent-env-1a9d170d-43ac-4424-bfe8-5ea73ec5b48a"><testcase classname="backend.tests.test_story_preview_feature.TestStoryPreviewAuth" name="test_get_story_preview_requires_auth" time="0.134" /><testcase classname="backend.tests.test_story_preview_feature.TestStoryPreviewAuth" name="test_post_story_preview_requires_auth" time="0.105" /><testcase classname="backend.tests.test_story_preview_feature.TestStoryPreviewEndpoints" name="test_get_cached_preview" time="0.531" /><testcase classname="backend.tests.test_story_preview_feature.TestStoryPreviewEndpoints" name="test_generate_story_preview" time="3.525" /><testcase classname="backend.tests.test_story_preview_feature.TestStoryPreviewEndpoints" name="test_caching_works" time="0.587" /><testcase classname="backend.tests.test_story_preview_feature.TestStoryPreviewValidation" name="test_preview_content_includes_brand_name" time="0.575" /><testcase classname="backend.tests.test_story_preview_feature.TestStoryPreviewRegeneration" name="test_regeneration_updates_preview" time="5.516" /></testsuite></testsuites>