<?xml version="1.0" encoding="utf-8"?><testsuites name="pytest tests"><testsuite name="pytest" errors="0" failures="0" skipped="0" tests="19" time="3.308" timestamp="2026-03-10T04:41:26.153444+00:00" hostname="agent-env-29cf6396-9934-44f7-88ef-d468105e99d8"><testcase classname="tests.test_iteration_38_recordings_audiobooks.TestRecordingsAndAudioBooks" name="test_recording_upload_endpoint_exists" time="0.604" /><testcase classname="tests.test_iteration_38_recordings_audiobooks.TestRecordingsAndAudioBooks" name="test_recording_upload_with_invalid_file_type" time="0.099" /><testcase classname="tests.test_iteration_38_recordings_audiobooks.TestRecordingsAndAudioBooks" name="test_recording_analyze_endpoint_exists" time="0.102" /><testcase classname="tests.test_iteration_38_recordings_audiobooks.TestRecordingsAndAudioBooks" name="test_guardian_recordings_endpoint" time="0.104" /><testcase classname="tests.test_iteration_38_recordings_audiobooks.TestRecordingsAndAudioBooks" name="test_student_progress_endpoint" time="0.106" /><testcase classname="tests.test_iteration_38_recordings_audiobooks.TestRecordingsAndAudioBooks" name="test_audio_books_public_endpoint" time="0.101" /><testcase classname="tests.test_iteration_38_recordings_audiobooks.TestRecordingsAndAudioBooks" name="test_audio_books_pagination" time="0.215" /><testcase classname="tests.test_iteration_38_recordings_audiobooks.TestRecordingsAndAudioBooks" name="test_audio_books_contribute_endpoint_exists" time="0.097" /><testcase classname="tests.test_iteration_38_recordings_audiobooks.TestRecordingsAndAudioBooks" name="test_admin_audio_books_endpoint" time="0.105" /><testcase classname="tests.test_iteration_38_recordings_audiobooks.TestRecordingsAndAudioBooks" name="test_admin_audio_books_requires_auth" time="0.109" /><testcase classname="tests.test_iteration_38_recordings_audiobooks.TestRecordingsAndAudioBooks" name="test_admin_audio_books_get_settings" time="0.118" /><testcase classname="tests.test_iteration_38_recordings_audiobooks.TestRecordingsAndAudioBooks" name="test_admin_audio_books_update_settings" time="0.344" /><testcase classname="tests.test_iteration_38_recordings_audiobooks.TestRecordingsAndAudioBooks" name="test_student_recordings_endpoint" time="0.141" /><testcase classname="tests.test_iteration_38_recordings_audiobooks.TestRecordingsAndAudioBooks" name="test_admin_update_audio_book_endpoint" time="0.122" /><testcase classname="tests.test_iteration_38_recordings_audiobooks.TestRecordingsAndAudioBooks" name="test_admin_delete_audio_book_endpoint" time="0.113" /><testcase classname="tests.test_iteration_38_recordings_audiobooks.TestAudioBooksLikeAndStream" name="test_audio_book_like_endpoint" time="0.113" /><testcase classname="tests.test_iteration_38_recordings_audiobooks.TestAudioBooksLikeAndStream" name="test_audio_book_stream_endpoint" time="0.108" /><testcase classname="tests.test_iteration_38_recordings_audiobooks.TestRecordingStreamAndDelete" name="test_recording_stream_endpoint" time="0.101" /><testcase classname="tests.test_iteration_38_recordings_audiobooks.TestRecordingStreamAndDelete" name="test_recording_delete_endpoint" time="0.454" /></testsuite></testsuites>