<?xml version="1.0" encoding="utf-8"?><testsuites name="pytest tests"><testsuite name="pytest" errors="0" failures="0" skipped="4" tests="23" time="9.503" timestamp="2026-03-07T17:28:44.729633+00:00" hostname="agent-env-7f3b11f3-de8c-4c79-a8a4-2520183ab3e0"><testcase classname="backend.tests.test_iteration_9_new_features.TestLoginResponseFields" name="test_login_returns_referral_code" time="0.503" /><testcase classname="backend.tests.test_iteration_9_new_features.TestLoginResponseFields" name="test_login_returns_wallet_balance" time="0.000" /><testcase classname="backend.tests.test_iteration_9_new_features.TestLoginResponseFields" name="test_login_returns_is_delegated_admin" time="0.000" /><testcase classname="backend.tests.test_iteration_9_new_features.TestReferralSystem" name="test_get_my_referral_code" time="0.114" /><testcase classname="backend.tests.test_iteration_9_new_features.TestReferralSystem" name="test_get_my_referrals" time="0.118" /><testcase classname="backend.tests.test_iteration_9_new_features.TestReferralSystem" name="test_register_with_referral_code" time="0.716" /><testcase classname="backend.tests.test_iteration_9_new_features.TestWordDefinitionAPI" name="test_define_word_basic" time="2.188" /><testcase classname="backend.tests.test_iteration_9_new_features.TestWordDefinitionAPI" name="test_define_word_with_context" time="1.764" /><testcase classname="backend.tests.test_iteration_9_new_features.TestWordDefinitionAPI" name="test_define_word_returns_synonyms" time="1.574" /><testcase classname="backend.tests.test_iteration_9_new_features.TestDonationSystem" name="test_donation_stats_public" time="0.115" /><testcase classname="backend.tests.test_iteration_9_new_features.TestDonationSystem" name="test_create_donation_returns_checkout_url" time="0.666" /><testcase classname="backend.tests.test_iteration_9_new_features.TestDonationSystem" name="test_create_donation_minimum_amount" time="0.102" /><testcase classname="backend.tests.test_iteration_9_new_features.TestAdminBillingConfig" name="test_get_billing_config" time="0.110" /><testcase classname="backend.tests.test_iteration_9_new_features.TestAdminBillingConfig" name="test_update_billing_config" time="0.116" /><testcase classname="backend.tests.test_iteration_9_new_features.TestAdminBillingConfig" name="test_billing_config_requires_admin" time="0.116" /><testcase classname="backend.tests.test_iteration_9_new_features.TestAdminFeatureFlags" name="test_get_feature_flags" time="0.125" /><testcase classname="backend.tests.test_iteration_9_new_features.TestAdminFeatureFlags" name="test_update_feature_flags" time="0.136" /><testcase classname="backend.tests.test_iteration_9_new_features.TestAdminFeatureFlags" name="test_feature_flags_requires_admin" time="0.109" /><testcase classname="backend.tests.test_iteration_9_new_features.TestStudentBeliefCultureLanguage" name="test_student_update_with_belief_system" time="0.127"><skipped type="pytest.skip" message="No students to test belief_system update">/app/backend/tests/test_iteration_9_new_features.py:364: No students to test belief_system update</skipped></testcase><testcase classname="backend.tests.test_iteration_9_new_features.TestStudentBeliefCultureLanguage" name="test_student_update_with_cultural_context" time="0.111"><skipped type="pytest.skip" message="No students to test cultural_context update">/app/backend/tests/test_iteration_9_new_features.py:387: No students to test cultural_context update</skipped></testcase><testcase classname="backend.tests.test_iteration_9_new_features.TestStudentBeliefCultureLanguage" name="test_student_update_with_language" time="0.108"><skipped type="pytest.skip" message="No students to test language update">/app/backend/tests/test_iteration_9_new_features.py:410: No students to test language update</skipped></testcase><testcase classname="backend.tests.test_iteration_9_new_features.TestMasterAdmin" name="test_allen_has_admin_role" time="0.339"><skipped type="pytest.skip" message="Cannot verify allen user - password unknown">/app/backend/tests/test_iteration_9_new_features.py:447: Cannot verify allen user - password unknown</skipped></testcase><testcase classname="backend.tests.test_iteration_9_new_features.TestAPIHealth" name="test_api_root" time="0.113" /></testsuite></testsuites>