<?xml version="1.0" encoding="utf-8"?><testsuites name="pytest tests"><testsuite name="pytest" errors="0" failures="0" skipped="0" tests="9" time="3.852" timestamp="2026-03-11T18:10:28.803913+00:00" hostname="agent-env-1fc1b834-8881-40b1-8675-6d3fede55e06"><testcase classname="backend.tests.test_iteration_50_support_tickets.TestSupportTicketAPIs" name="test_create_support_ticket" time="0.714" /><testcase classname="backend.tests.test_iteration_50_support_tickets.TestSupportTicketAPIs" name="test_list_support_tickets" time="0.209" /><testcase classname="backend.tests.test_iteration_50_support_tickets.TestSupportTicketAPIs" name="test_admin_reply_to_ticket" time="0.267" /><testcase classname="backend.tests.test_iteration_50_support_tickets.TestSupportTicketAPIs" name="test_update_ticket_status" time="0.325" /><testcase classname="backend.tests.test_iteration_50_support_tickets.TestSupportTicketAPIs" name="test_get_single_ticket" time="0.363" /><testcase classname="backend.tests.test_iteration_50_support_tickets.TestNarrativeProgressAPIs" name="test_save_narrative_progress" time="0.653" /><testcase classname="backend.tests.test_iteration_50_support_tickets.TestNarrativeProgressAPIs" name="test_get_narrative_progress" time="0.122" /><testcase classname="backend.tests.test_iteration_50_support_tickets.TestBrandMediaAnalytics" name="test_get_brand_media_analytics" time="0.628" /><testcase classname="backend.tests.test_iteration_50_support_tickets.TestGuardianPortalMusicMediaTab" name="test_guardian_children_media_endpoint" time="0.504" /></testsuite></testsuites>