<?xml version="1.0" encoding="utf-8"?><testsuites name="pytest tests"><testsuite name="pytest" errors="0" failures="0" skipped="0" tests="8" time="1.719" timestamp="2026-03-08T04:38:40.855513+00:00" hostname="agent-env-1f783a5b-5f30-4fe7-872b-04cf5c06c44b"><testcase classname="test_iteration_27_strengths_weaknesses.TestStudentStrengthsWeaknesses" name="test_create_student_with_strengths_weaknesses" time="0.577" /><testcase classname="test_iteration_27_strengths_weaknesses.TestStudentStrengthsWeaknesses" name="test_get_student_returns_strengths_weaknesses" time="0.137" /><testcase classname="test_iteration_27_strengths_weaknesses.TestStudentStrengthsWeaknesses" name="test_update_student_strengths_weaknesses" time="0.144" /><testcase classname="test_iteration_27_strengths_weaknesses.TestStudentStrengthsWeaknesses" name="test_create_student_with_empty_strengths_weaknesses" time="0.262" /><testcase classname="test_iteration_27_strengths_weaknesses.TestStudentStrengthsWeaknesses" name="test_update_student_clear_strengths_weaknesses" time="0.172" /><testcase classname="test_iteration_27_strengths_weaknesses.TestStudentStrengthsWeaknesses" name="test_list_students_includes_strengths_weaknesses" time="0.124" /><testcase classname="test_iteration_27_strengths_weaknesses.TestStudentStrengthsWeaknesses" name="test_cleanup_test_student" time="0.145" /><testcase classname="test_iteration_27_strengths_weaknesses.TestStudentModelFields" name="test_existing_student_has_fields" time="0.100" /></testsuite></testsuites>