<?xml version="1.0" encoding="utf-8"?><testsuites name="pytest tests"><testsuite name="pytest" errors="0" failures="0" skipped="0" tests="12" time="2.879" timestamp="2026-03-08T07:55:29.739645+00:00" hostname="agent-env-3738b7aa-2b13-4060-9495-65da3d188601"><testcase classname="backend.tests.test_iteration_31_brand_activation_questions.TestBrandActivationQuestions" name="test_admin_login_success" time="0.439" /><testcase classname="backend.tests.test_iteration_31_brand_activation_questions.TestBrandActivationQuestions" name="test_story_integrations_endpoint_returns_structure" time="0.444" /><testcase classname="backend.tests.test_iteration_31_brand_activation_questions.TestBrandActivationQuestions" name="test_activation_questions_have_pass_fail_counts" time="0.114" /><testcase classname="backend.tests.test_iteration_31_brand_activation_questions.TestBrandActivationQuestions" name="test_story_snippets_have_brand_data" time="0.106" /><testcase classname="backend.tests.test_iteration_31_brand_activation_questions.TestBrandActivationQuestions" name="test_unauthenticated_blocked" time="0.108" /><testcase classname="backend.tests.test_iteration_31_brand_activation_questions.TestLoginRegisterPortalButtons" name="test_login_page_loads" time="0.102" /><testcase classname="backend.tests.test_iteration_31_brand_activation_questions.TestLoginRegisterPortalButtons" name="test_register_page_loads" time="0.103" /><testcase classname="backend.tests.test_iteration_31_brand_activation_questions.TestLoginRegisterPortalButtons" name="test_student_login_page_loads" time="0.101" /><testcase classname="backend.tests.test_iteration_31_brand_activation_questions.TestProgressTabRegression" name="test_student_sj_login" time="0.098" /><testcase classname="backend.tests.test_iteration_31_brand_activation_questions.TestProgressTabRegression" name="test_student_sj_progress_has_data" time="0.669" /><testcase classname="backend.tests.test_iteration_31_brand_activation_questions.TestBrandPortalAccess" name="test_admin_can_access_story_integrations" time="0.427" /><testcase classname="backend.tests.test_iteration_31_brand_activation_questions.TestBrandPortalAccess" name="test_brand_portal_page_loads" time="0.105" /></testsuite></testsuites>