<?xml version="1.0" encoding="utf-8"?><testsuites name="pytest tests"><testsuite name="pytest" errors="0" failures="3" skipped="0" tests="23" time="10.635" timestamp="2026-03-09T20:03:07.968596+00:00" hostname="agent-env-d684c1df-b3fd-4ee0-bc1b-e0ec230a9dfa"><testcase classname="backend.tests.test_iteration_32_affiliates_offers.TestAffiliateSignup" name="test_affiliate_signup_success" time="0.436" /><testcase classname="backend.tests.test_iteration_32_affiliates_offers.TestAffiliateSignup" name="test_affiliate_signup_missing_fields" time="0.135" /><testcase classname="backend.tests.test_iteration_32_affiliates_offers.TestAffiliateSignup" name="test_affiliate_signup_duplicate_email" time="0.498" /><testcase classname="backend.tests.test_iteration_32_affiliates_offers.TestAffiliateTracking" name="test_track_valid_affiliate_code" time="0.436" /><testcase classname="backend.tests.test_iteration_32_affiliates_offers.TestAffiliateTracking" name="test_track_invalid_affiliate_code" time="0.193" /><testcase classname="backend.tests.test_iteration_32_affiliates_offers.TestAdminAffiliateManagement" name="test_admin_get_affiliates" time="0.486" /><testcase classname="backend.tests.test_iteration_32_affiliates_offers.TestAdminAffiliateManagement" name="test_admin_update_affiliate_settings" time="0.113" /><testcase classname="backend.tests.test_iteration_32_affiliates_offers.TestAdminAffiliateManagement" name="test_admin_update_affiliate" time="0.591" /><testcase classname="backend.tests.test_iteration_32_affiliates_offers.TestAdminAffiliateManagement" name="test_admin_payout_affiliate" time="1.245" /><testcase classname="backend.tests.test_iteration_32_affiliates_offers.TestAdminAffiliateManagement" name="test_admin_payout_exceeds_balance" time="0.617" /><testcase classname="backend.tests.test_iteration_32_affiliates_offers.TestBrandOffersCRUD" name="test_create_brand_offer" time="0.675" /><testcase classname="backend.tests.test_iteration_32_affiliates_offers.TestBrandOffersCRUD" name="test_get_brand_offers" time="0.154" /><testcase classname="backend.tests.test_iteration_32_affiliates_offers.TestBrandOffersCRUD" name="test_update_brand_offer" time="0.293" /><testcase classname="backend.tests.test_iteration_32_affiliates_offers.TestBrandOffersCRUD" name="test_delete_brand_offer" time="0.250" /><testcase classname="backend.tests.test_iteration_32_affiliates_offers.TestParentOffers" name="test_get_available_offers" time="0.988" /><testcase classname="backend.tests.test_iteration_32_affiliates_offers.TestParentOffers" name="test_update_offer_preferences_toggle" time="0.406" /><testcase classname="backend.tests.test_iteration_32_affiliates_offers.TestParentOffers" name="test_dismiss_offer" time="0.259" /><testcase classname="backend.tests.test_iteration_32_affiliates_offers.TestParentOffers" name="test_track_offer_click" time="0.133" /><testcase classname="backend.tests.test_iteration_32_affiliates_offers.TestAffiliateReferralRegistration" name="test_register_with_affiliate_code" time="1.716" /><testcase classname="backend.tests.test_iteration_32_affiliates_offers.TestAffiliateReferralRegistration" name="test_register_with_invalid_affiliate_code" time="0.522" /><testcase classname="backend.tests.test_iteration_32_affiliates_offers.TestUnauthenticatedAccess" name="test_admin_affiliates_requires_auth" time="0.140"><failure message="AssertionError: Expected 401, got 403&#10;assert 403 == 401&#10; +  where 403 = &lt;Response [403]&gt;.status_code">backend/tests/test_iteration_32_affiliates_offers.py:450: in test_admin_affiliates_requires_auth
    assert response.status_code == 401, f"Expected 401, got {response.status_code}"
E   AssertionError: Expected 401, got 403
E   assert 403 == 401
E    +  where 403 = &lt;Response [403]&gt;.status_code</failure></testcase><testcase classname="backend.tests.test_iteration_32_affiliates_offers.TestUnauthenticatedAccess" name="test_brand_offers_requires_auth" time="0.121"><failure message="AssertionError: Expected 401, got 403&#10;assert 403 == 401&#10; +  where 403 = &lt;Response [403]&gt;.status_code">backend/tests/test_iteration_32_affiliates_offers.py:456: in test_brand_offers_requires_auth
    assert response.status_code == 401, f"Expected 401, got {response.status_code}"
E   AssertionError: Expected 401, got 403
E   assert 403 == 401
E    +  where 403 = &lt;Response [403]&gt;.status_code</failure></testcase><testcase classname="backend.tests.test_iteration_32_affiliates_offers.TestUnauthenticatedAccess" name="test_parent_offers_requires_auth" time="0.102"><failure message="AssertionError: Expected 401, got 403&#10;assert 403 == 401&#10; +  where 403 = &lt;Response [403]&gt;.status_code">backend/tests/test_iteration_32_affiliates_offers.py:462: in test_parent_offers_requires_auth
    assert response.status_code == 401, f"Expected 401, got {response.status_code}"
E   AssertionError: Expected 401, got 403
E   assert 403 == 401
E    +  where 403 = &lt;Response [403]&gt;.status_code</failure></testcase></testsuite></testsuites>