<?xml version="1.0" encoding="utf-8"?><testsuites name="pytest tests"><testsuite name="pytest" errors="0" failures="0" skipped="0" tests="9" time="3.342" timestamp="2026-03-07T23:18:19.846434+00:00" hostname="agent-env-23a89fe2-135d-437b-8e5d-4a8a5d99c4c6"><testcase classname="backend.tests.test_p0_login_bug_fix.TestBackendHealth" name="test_health_endpoint" time="0.185" /><testcase classname="backend.tests.test_p0_login_bug_fix.TestGuardianLogin" name="test_guardian_login_success" time="0.363" /><testcase classname="backend.tests.test_p0_login_bug_fix.TestGuardianLogin" name="test_guardian_login_invalid_password" time="0.331" /><testcase classname="backend.tests.test_p0_login_bug_fix.TestAdminLogin" name="test_admin_login_success" time="0.328" /><testcase classname="backend.tests.test_p0_login_bug_fix.TestRegistrationAndLogin" name="test_register_guardian_and_login" time="0.827" /><testcase classname="backend.tests.test_p0_login_bug_fix.TestStudentsAPIWithToken" name="test_get_students_with_guardian_token" time="0.382" /><testcase classname="backend.tests.test_p0_login_bug_fix.TestStudentsAPIWithToken" name="test_get_students_without_token" time="0.106" /><testcase classname="backend.tests.test_p0_login_bug_fix.TestGetCurrentUser" name="test_get_me_with_guardian_token" time="0.400" /><testcase classname="backend.tests.test_p0_login_bug_fix.TestLoginResponseFormat" name="test_login_response_has_required_fields" time="0.354" /></testsuite></testsuites>