<?xml version="1.0" encoding="utf-8"?><testsuites name="pytest tests"><testsuite name="pytest" errors="0" failures="0" skipped="0" tests="17" time="7.838" timestamp="2026-03-07T19:49:59.782967+00:00" hostname="agent-env-1a9d170d-43ac-4424-bfe8-5ea73ec5b48a"><testcase classname="backend.tests.test_iteration_12_brand_portal.TestBrandPortalProfile" name="test_login_brand_partner" time="0.374" /><testcase classname="backend.tests.test_iteration_12_brand_portal.TestBrandPortalProfile" name="test_get_brand_profile" time="0.478" /><testcase classname="backend.tests.test_iteration_12_brand_portal.TestBrandPortalProfile" name="test_update_brand_profile" time="0.581" /><testcase classname="backend.tests.test_iteration_12_brand_portal.TestBrandPortalProfile" name="test_update_target_regions" time="0.455" /><testcase classname="backend.tests.test_iteration_12_brand_portal.TestBrandPortalProfile" name="test_set_onboarding_completed" time="0.460" /><testcase classname="backend.tests.test_iteration_12_brand_portal.TestBrandPortalLogoUpload" name="test_upload_logo_png" time="0.459" /><testcase classname="backend.tests.test_iteration_12_brand_portal.TestBrandPortalLogoUpload" name="test_upload_invalid_file_type" time="0.438" /><testcase classname="backend.tests.test_iteration_12_brand_portal.TestBrandPortalProducts" name="test_list_products" time="0.438" /><testcase classname="backend.tests.test_iteration_12_brand_portal.TestBrandPortalProducts" name="test_add_product" time="0.447" /><testcase classname="backend.tests.test_iteration_12_brand_portal.TestBrandPortalProducts" name="test_update_product" time="0.660" /><testcase classname="backend.tests.test_iteration_12_brand_portal.TestBrandPortalProducts" name="test_delete_product" time="0.696" /><testcase classname="backend.tests.test_iteration_12_brand_portal.TestBrandPortalDashboard" name="test_get_dashboard" time="0.456" /><testcase classname="backend.tests.test_iteration_12_brand_portal.TestBrandPortalCampaigns" name="test_create_campaign_requires_approval" time="0.451" /><testcase classname="backend.tests.test_iteration_12_brand_portal.TestBrandPortalCampaigns" name="test_get_campaigns" time="0.438" /><testcase classname="backend.tests.test_iteration_12_brand_portal.TestBrandPortalAuth" name="test_profile_requires_auth" time="0.112" /><testcase classname="backend.tests.test_iteration_12_brand_portal.TestBrandPortalAuth" name="test_dashboard_requires_auth" time="0.108" /><testcase classname="backend.tests.test_iteration_12_brand_portal.TestBrandPortalAuth" name="test_products_require_auth" time="0.701" /></testsuite></testsuites>