<?xml version="1.0" encoding="utf-8"?><testsuites name="pytest tests"><testsuite name="pytest" errors="0" failures="0" skipped="0" tests="7" time="4.671" timestamp="2026-03-07T23:24:38.835162+00:00" hostname="agent-env-23a89fe2-135d-437b-8e5d-4a8a5d99c4c6"><testcase classname="backend.tests.test_parent_wordbank_feature.TestFeatureFlagEndpoint" name="test_parent_wordbank_flag_returns_correct_format" time="0.445" /><testcase classname="backend.tests.test_parent_wordbank_feature.TestAdminFeatureFlagsToggle" name="test_get_feature_flags_includes_parent_wordbank" time="0.384" /><testcase classname="backend.tests.test_parent_wordbank_feature.TestAdminFeatureFlagsToggle" name="test_toggle_parent_wordbank_flag_on" time="0.506" /><testcase classname="backend.tests.test_parent_wordbank_feature.TestAdminFeatureFlagsToggle" name="test_toggle_parent_wordbank_flag_off" time="0.504" /><testcase classname="backend.tests.test_parent_wordbank_feature.TestGuardianWordBankCreation" name="test_guardian_create_wordbank_with_flag_enabled" time="0.879" /><testcase classname="backend.tests.test_parent_wordbank_feature.TestGuardianWordBankCreation" name="test_guardian_create_wordbank_with_flag_disabled" time="0.887" /><testcase classname="backend.tests.test_parent_wordbank_feature.TestAdminCanAlwaysCreateWordBank" name="test_admin_creates_wordbank_even_when_flag_disabled" time="1.002" /></testsuite></testsuites>