<?xml version="1.0" encoding="utf-8"?><testsuites name="pytest tests"><testsuite name="pytest" errors="0" failures="0" skipped="0" tests="10" time="3.028" timestamp="2026-03-10T11:50:16.055197+00:00" hostname="agent-env-159b47fb-80ae-4dc8-9c4d-5e6b50241362"><testcase classname="backend.tests.test_iteration_44_paypal_email.TestPayPalRoutes" name="test_paypal_config_returns_disabled" time="0.136" /><testcase classname="backend.tests.test_iteration_44_paypal_email.TestPayPalRoutes" name="test_paypal_create_order_fails_without_keys" time="0.466" /><testcase classname="backend.tests.test_iteration_44_paypal_email.TestPayPalRoutes" name="test_paypal_create_order_requires_auth" time="0.092" /><testcase classname="backend.tests.test_iteration_44_paypal_email.TestAuthenticationRoutes" name="test_login_with_admin_credentials" time="0.340" /><testcase classname="backend.tests.test_iteration_44_paypal_email.TestHealthAndDocuments" name="test_health_check" time="0.102" /><testcase classname="backend.tests.test_iteration_44_paypal_email.TestHealthAndDocuments" name="test_patent_definitive_pdf" time="0.130" /><testcase classname="backend.tests.test_iteration_44_paypal_email.TestAuthenticatedEndpoints" name="test_get_students" time="0.442" /><testcase classname="backend.tests.test_iteration_44_paypal_email.TestAuthenticatedEndpoints" name="test_get_word_banks" time="0.650" /><testcase classname="backend.tests.test_iteration_44_paypal_email.TestAuthenticatedEndpoints" name="test_get_admin_stats" time="0.453" /><testcase classname="backend.tests.test_iteration_44_paypal_email.TestWalletPackages" name="test_wallet_packages" time="0.147" /></testsuite></testsuites>