<?xml version="1.0" encoding="utf-8"?><testsuites name="pytest tests"><testsuite name="pytest" errors="0" failures="0" skipped="1" tests="24" time="5.867" timestamp="2026-03-07T23:58:49.713741+00:00" hostname="agent-env-23a89fe2-135d-437b-8e5d-4a8a5d99c4c6"><testcase classname="backend.tests.test_iteration_19_wordbank_brand_story.TestAdminLogin" name="test_admin_login_success" time="0.364" /><testcase classname="backend.tests.test_iteration_19_wordbank_brand_story.TestAdminLogin" name="test_admin_login_invalid_credentials" time="0.349" /><testcase classname="backend.tests.test_iteration_19_wordbank_brand_story.TestGuardianLogin" name="test_guardian_login_success" time="0.335" /><testcase classname="backend.tests.test_iteration_19_wordbank_brand_story.TestWordBankCRUD" name="test_get_all_word_banks" time="0.129" /><testcase classname="backend.tests.test_iteration_19_wordbank_brand_story.TestWordBankCRUD" name="test_admin_create_word_bank" time="0.447" /><testcase classname="backend.tests.test_iteration_19_wordbank_brand_story.TestWordBankCRUD" name="test_admin_delete_word_bank" time="0.312" /><testcase classname="backend.tests.test_iteration_19_wordbank_brand_story.TestWordBankCRUD" name="test_non_admin_cannot_delete_word_bank" time="0.585" /><testcase classname="backend.tests.test_iteration_19_wordbank_brand_story.TestBrandManagement" name="test_get_all_brands" time="0.110" /><testcase classname="backend.tests.test_iteration_19_wordbank_brand_story.TestBrandManagement" name="test_create_brand" time="0.136" /><testcase classname="backend.tests.test_iteration_19_wordbank_brand_story.TestBrandManagement" name="test_get_brand_analytics" time="0.126" /><testcase classname="backend.tests.test_iteration_19_wordbank_brand_story.TestCouponManagement" name="test_get_all_coupons" time="0.104" /><testcase classname="backend.tests.test_iteration_19_wordbank_brand_story.TestCouponManagement" name="test_create_and_delete_coupon" time="0.237" /><testcase classname="backend.tests.test_iteration_19_wordbank_brand_story.TestAdminUserCredits" name="test_get_user_list" time="0.113" /><testcase classname="backend.tests.test_iteration_19_wordbank_brand_story.TestMarketplace" name="test_guardian_can_view_marketplace" time="0.185" /><testcase classname="backend.tests.test_iteration_19_wordbank_brand_story.TestMarketplace" name="test_guardian_subscription_info" time="0.426" /><testcase classname="backend.tests.test_iteration_19_wordbank_brand_story.TestStudentManagement" name="test_guardian_can_list_students" time="0.094" /><testcase classname="backend.tests.test_iteration_19_wordbank_brand_story.TestStudentManagement" name="test_guardian_create_student" time="0.119" /><testcase classname="backend.tests.test_iteration_19_wordbank_brand_story.TestStudentManagement" name="test_assign_word_bank_to_student" time="0.349" /><testcase classname="backend.tests.test_iteration_19_wordbank_brand_story.TestStoryGeneration" name="test_story_generation_endpoint_exists" time="0.116" /><testcase classname="backend.tests.test_iteration_19_wordbank_brand_story.TestStoryGeneration" name="test_story_generation_with_brand_integration" time="0.324"><skipped type="pytest.skip" message="Story generation failed with status 422">/app/backend/tests/test_iteration_19_wordbank_brand_story.py:463: Story generation failed with status 422</skipped></testcase><testcase classname="backend.tests.test_iteration_19_wordbank_brand_story.TestFeatureFlags" name="test_get_feature_flags" time="0.113" /><testcase classname="backend.tests.test_iteration_19_wordbank_brand_story.TestFeatureFlags" name="test_parent_wordbank_flag" time="0.122" /><testcase classname="backend.tests.test_iteration_19_wordbank_brand_story.TestCleanup" name="test_cleanup_test_word_banks" time="0.353" /><testcase classname="backend.tests.test_iteration_19_wordbank_brand_story.TestCleanup" name="test_cleanup_test_brands" time="0.259" /></testsuite></testsuites>