<?xml version="1.0" encoding="utf-8"?><testsuites name="pytest tests"><testsuite name="pytest" errors="0" failures="0" skipped="0" tests="9" time="3.446" timestamp="2026-03-11T18:43:46.231487+00:00" hostname="agent-env-1fc1b834-8881-40b1-8675-6d3fede55e06"><testcase classname="backend.tests.test_iteration_51_storage_settings.TestStorageAndMediaSettings" name="test_get_storage_stats_success" time="0.572" /><testcase classname="backend.tests.test_iteration_51_storage_settings.TestStorageAndMediaSettings" name="test_storage_stats_requires_auth" time="0.131" /><testcase classname="backend.tests.test_iteration_51_storage_settings.TestStorageAndMediaSettings" name="test_get_media_settings_success" time="0.058" /><testcase classname="backend.tests.test_iteration_51_storage_settings.TestStorageAndMediaSettings" name="test_update_media_settings_storage_fields" time="0.269" /><testcase classname="backend.tests.test_iteration_51_storage_settings.TestStorageAndMediaSettings" name="test_update_media_settings_partial" time="0.308" /><testcase classname="backend.tests.test_iteration_51_storage_settings.TestStorageAndMediaSettings" name="test_update_media_settings_empty_fails" time="0.058" /><testcase classname="backend.tests.test_iteration_51_storage_settings.TestSupportTickets" name="test_list_support_tickets" time="0.480" /><testcase classname="backend.tests.test_iteration_51_storage_settings.TestSupportTickets" name="test_create_and_reply_ticket" time="0.215" /><testcase classname="backend.tests.test_iteration_51_storage_settings.TestNarrativeProgress" name="test_save_narrative_progress" time="1.286" /></testsuite></testsuites>