<?xml version="1.0" encoding="utf-8"?><testsuites name="pytest tests"><testsuite name="pytest" errors="0" failures="0" skipped="0" tests="12" time="5.765" timestamp="2026-03-07T07:22:38.684145+00:00" hostname="agent-env-9d4aab2a-ad6a-4d3e-97b9-bb88b2237962"><testcase classname="backend.tests.test_iteration_5.TestHealthCheck" name="test_health_endpoint" time="3.423" /><testcase classname="backend.tests.test_iteration_5.TestVirtuesBugFix" name="test_story_service_has_virtues_parameter" time="0.000" /><testcase classname="backend.tests.test_iteration_5.TestVirtuesBugFix" name="test_narrative_endpoint_structure" time="0.135" /><testcase classname="backend.tests.test_iteration_5.TestStudentLogin" name="test_student_login_success" time="0.111" /><testcase classname="backend.tests.test_iteration_5.TestStudentLogin" name="test_student_login_invalid_code" time="0.133" /><testcase classname="backend.tests.test_iteration_5.TestStudentLogin" name="test_student_login_invalid_pin" time="0.105" /><testcase classname="backend.tests.test_iteration_5.TestStudentSessionJoin" name="test_join_session_valid_code" time="0.208" /><testcase classname="backend.tests.test_iteration_5.TestStudentSessionJoin" name="test_join_session_invalid_code" time="0.264" /><testcase classname="backend.tests.test_iteration_5.TestStudentSessionJoin" name="test_join_session_invalid_student" time="0.140" /><testcase classname="backend.tests.test_iteration_5.TestStudentSessionJoin" name="test_join_session_already_joined" time="0.303" /><testcase classname="backend.tests.test_iteration_5.TestStudentSessionJoin" name="test_join_session_code_validation" time="0.240" /><testcase classname="backend.tests.test_iteration_5.TestTeacherSessionSetup" name="test_session_exists" time="0.522" /></testsuite></testsuites>