<?xml version="1.0" encoding="utf-8"?><testsuites name="pytest tests"><testsuite name="pytest" errors="0" failures="0" skipped="0" tests="6" time="1.805" timestamp="2026-03-10T03:02:04.489948+00:00" hostname="agent-env-29cf6396-9934-44f7-88ef-d468105e99d8"><testcase classname="backend.tests.test_p0_features.TestP0Features" name="test_affiliate_my_stats_endpoint_exists" time="0.504" /><testcase classname="backend.tests.test_p0_features.TestP0Features" name="test_affiliate_signup_endpoint" time="0.315" /><testcase classname="backend.tests.test_p0_features.TestP0Features" name="test_affiliate_duplicate_signup_rejected" time="0.429" /><testcase classname="backend.tests.test_p0_features.TestP0Features" name="test_affiliate_track_endpoint" time="0.269" /><testcase classname="backend.tests.test_p0_features.TestP0Features" name="test_affiliate_track_invalid_code" time="0.120" /><testcase classname="backend.tests.test_p0_features.TestEnglishLocale" name="test_health_endpoint" time="0.117" /></testsuite></testsuites>