<?xml version="1.0" encoding="utf-8"?><testsuites name="pytest tests"><testsuite name="pytest" errors="0" failures="0" skipped="0" tests="13" time="2.162" timestamp="2026-03-10T20:56:42.483649+00:00" hostname="agent-env-159b47fb-80ae-4dc8-9c4d-5e6b50241362"><testcase classname="backend.tests.test_iteration_47_pin_change.TestCoreAPIs" name="test_health_check" time="0.165" /><testcase classname="backend.tests.test_iteration_47_pin_change.TestCoreAPIs" name="test_login" time="0.296" /><testcase classname="backend.tests.test_iteration_47_pin_change.TestCoreAPIs" name="test_get_students" time="0.410" /><testcase classname="backend.tests.test_iteration_47_pin_change.TestUserCard" name="test_get_user_card" time="0.070" /><testcase classname="backend.tests.test_iteration_47_pin_change.TestParentChangeStudentPIN" name="test_change_pin_with_wrong_current" time="0.078" /><testcase classname="backend.tests.test_iteration_47_pin_change.TestParentChangeStudentPIN" name="test_change_pin_too_short" time="0.064" /><testcase classname="backend.tests.test_iteration_47_pin_change.TestParentChangeStudentPIN" name="test_change_pin_success_and_revert" time="0.163" /><testcase classname="backend.tests.test_iteration_47_pin_change.TestStudentChangeOwnPIN" name="test_change_my_pin_wrong_current" time="0.113" /><testcase classname="backend.tests.test_iteration_47_pin_change.TestStudentChangeOwnPIN" name="test_change_my_pin_too_short" time="0.127" /><testcase classname="backend.tests.test_iteration_47_pin_change.TestStudentChangeOwnPIN" name="test_change_my_pin_non_numeric" time="0.125" /><testcase classname="backend.tests.test_iteration_47_pin_change.TestStudentChangeOwnPIN" name="test_change_my_pin_success_and_revert" time="0.296" /><testcase classname="backend.tests.test_iteration_47_pin_change.TestStudentModelFields" name="test_student_has_culture_learning_field" time="0.064" /><testcase classname="backend.tests.test_iteration_47_pin_change.TestStudentModelFields" name="test_update_student_culture_learning" time="0.121" /></testsuite></testsuites>