<?xml version="1.0" encoding="utf-8"?><testsuites name="pytest tests"><testsuite name="pytest" errors="0" failures="0" skipped="0" tests="12" time="8.000" timestamp="2026-03-11T20:18:02.120353+00:00" hostname="agent-env-69f4b21d-e7b0-4406-b601-2b5438a0086c"><testcase classname="backend.tests.test_iteration_52_sessions_timelog.TestSessionStart" name="test_start_session_success" time="0.175" /><testcase classname="backend.tests.test_iteration_52_sessions_timelog.TestSessionStart" name="test_start_session_creates_new_session" time="0.311" /><testcase classname="backend.tests.test_iteration_52_sessions_timelog.TestSessionHeartbeat" name="test_heartbeat_success" time="1.272" /><testcase classname="backend.tests.test_iteration_52_sessions_timelog.TestSessionHeartbeat" name="test_heartbeat_invalid_session" time="0.122" /><testcase classname="backend.tests.test_iteration_52_sessions_timelog.TestSessionEnd" name="test_end_session_success" time="1.334" /><testcase classname="backend.tests.test_iteration_52_sessions_timelog.TestSessionEnd" name="test_end_session_already_ended" time="0.557" /><testcase classname="backend.tests.test_iteration_52_sessions_timelog.TestSessionEnd" name="test_heartbeat_after_end_fails" time="0.436" /><testcase classname="backend.tests.test_iteration_52_sessions_timelog.TestTimeLogAPI" name="test_get_time_log_success" time="0.614" /><testcase classname="backend.tests.test_iteration_52_sessions_timelog.TestTimeLogAPI" name="test_get_time_log_requires_auth" time="0.123" /><testcase classname="backend.tests.test_iteration_52_sessions_timelog.TestTimeLogAPI" name="test_get_time_log_invalid_student" time="0.135" /><testcase classname="backend.tests.test_iteration_52_sessions_timelog.TestProgressWithTimeLog" name="test_progress_includes_time_log" time="0.259" /><testcase classname="backend.tests.test_iteration_52_sessions_timelog.TestSessionFullFlow" name="test_full_session_lifecycle" time="2.586" /></testsuite></testsuites>