<?xml version="1.0" encoding="utf-8"?><testsuites name="pytest tests"><testsuite name="pytest" errors="0" failures="0" skipped="1" tests="20" time="6.061" timestamp="2026-03-08T01:58:30.025442+00:00" hostname="agent-env-23a89fe2-135d-437b-8e5d-4a8a5d99c4c6"><testcase classname="backend.tests.test_iteration_22_wordbank_edit_privacy.TestHealthCheck" name="test_backend_health" time="0.131" /><testcase classname="backend.tests.test_iteration_22_wordbank_edit_privacy.TestCategoryFilter" name="test_get_all_wordbanks_without_filter" time="0.471" /><testcase classname="backend.tests.test_iteration_22_wordbank_edit_privacy.TestCategoryFilter" name="test_filter_by_academic_category" time="0.115" /><testcase classname="backend.tests.test_iteration_22_wordbank_edit_privacy.TestCategoryFilter" name="test_filter_by_general_category" time="0.129" /><testcase classname="backend.tests.test_iteration_22_wordbank_edit_privacy.TestCategoryFilter" name="test_filter_by_specialized_category" time="0.120" /><testcase classname="backend.tests.test_iteration_22_wordbank_edit_privacy.TestAdminEditWordBank" name="test_admin_can_edit_wordbank_name" time="0.344" /><testcase classname="backend.tests.test_iteration_22_wordbank_edit_privacy.TestAdminEditWordBank" name="test_admin_can_edit_wordbank_description" time="0.377" /><testcase classname="backend.tests.test_iteration_22_wordbank_edit_privacy.TestAdminEditWordBank" name="test_admin_can_edit_wordbank_category" time="0.349" /><testcase classname="backend.tests.test_iteration_22_wordbank_edit_privacy.TestAdminEditWordBank" name="test_admin_can_edit_wordbank_price" time="0.363" /><testcase classname="backend.tests.test_iteration_22_wordbank_edit_privacy.TestAdminEditWordBank" name="test_admin_can_edit_wordbank_words" time="0.334" /><testcase classname="backend.tests.test_iteration_22_wordbank_edit_privacy.TestParentPrivacyEnforcement" name="test_parent_wordbank_forced_private" time="0.897" /><testcase classname="backend.tests.test_iteration_22_wordbank_edit_privacy.TestParentCanEditOwnBank" name="test_find_parent_private_bank" time="0.148" /><testcase classname="backend.tests.test_iteration_22_wordbank_edit_privacy.TestParentCanEditOwnBank" name="test_parent_can_edit_own_bank" time="0.353" /><testcase classname="backend.tests.test_iteration_22_wordbank_edit_privacy.TestParentCanEditOwnBank" name="test_parent_cannot_change_visibility_from_private" time="0.238" /><testcase classname="backend.tests.test_iteration_22_wordbank_edit_privacy.TestParentCanEditOwnBank" name="test_parent_cannot_edit_global_bank" time="0.138"><skipped type="pytest.skip" message="No global admin-created bank found">/app/backend/tests/test_iteration_22_wordbank_edit_privacy.py:401: No global admin-created bank found</skipped></testcase><testcase classname="backend.tests.test_iteration_22_wordbank_edit_privacy.TestOtherParentCannotSeePrivateBank" name="test_other_parent_cannot_see_first_parent_bank" time="0.583" /><testcase classname="backend.tests.test_iteration_22_wordbank_edit_privacy.TestOtherParentCannotSeePrivateBank" name="test_other_parent_sees_global_banks" time="0.201" /><testcase classname="backend.tests.test_iteration_22_wordbank_edit_privacy.TestOtherParentCannotSeePrivateBank" name="test_other_parent_cannot_edit_first_parent_bank" time="0.224" /><testcase classname="backend.tests.test_iteration_22_wordbank_edit_privacy.TestAdminSeesAllBanks" name="test_admin_sees_parent_private_banks" time="0.114" /><testcase classname="backend.tests.test_iteration_22_wordbank_edit_privacy.TestAdminSeesAllBanks" name="test_admin_can_edit_parent_private_bank" time="0.349" /></testsuite></testsuites>