<?xml version="1.0" encoding="utf-8"?><testsuites name="pytest tests"><testsuite name="pytest" errors="0" failures="0" skipped="0" tests="14" time="3.870" timestamp="2026-03-10T06:14:52.798056+00:00" hostname="agent-env-7c873438-d57a-4850-9809-40670d50791b"><testcase classname="backend.tests.test_messaging_spelling.TestAdminMessaging" name="test_admin_create_message" time="0.560" /><testcase classname="backend.tests.test_messaging_spelling.TestAdminMessaging" name="test_admin_list_messages" time="0.095" /><testcase classname="backend.tests.test_messaging_spelling.TestAdminMessaging" name="test_user_notifications" time="0.105" /><testcase classname="backend.tests.test_messaging_spelling.TestAdminMessaging" name="test_student_notifications" time="0.238" /><testcase classname="backend.tests.test_messaging_spelling.TestAdminMessaging" name="test_mark_notification_read" time="0.202" /><testcase classname="backend.tests.test_messaging_spelling.TestAdminMessaging" name="test_admin_delete_message" time="0.213" /><testcase classname="backend.tests.test_messaging_spelling.TestSpellingContests" name="test_admin_create_spelling_contest" time="0.424" /><testcase classname="backend.tests.test_messaging_spelling.TestSpellingContests" name="test_admin_list_spelling_contests" time="0.107" /><testcase classname="backend.tests.test_messaging_spelling.TestSpellingContests" name="test_get_active_spelling_contests" time="0.105" /><testcase classname="backend.tests.test_messaging_spelling.TestSpellingContests" name="test_submit_spelling_contest" time="0.327" /><testcase classname="backend.tests.test_messaging_spelling.TestSpellingContests" name="test_get_spelling_leaderboard" time="0.206" /><testcase classname="backend.tests.test_messaging_spelling.TestSpellingContests" name="test_admin_toggle_spelling_contest" time="0.362" /><testcase classname="backend.tests.test_messaging_spelling.TestSpellingContests" name="test_admin_delete_spelling_contest" time="0.226" /><testcase classname="backend.tests.test_messaging_spelling.TestWordBankMarketplace" name="test_word_banks_have_price_field" time="0.608" /></testsuite></testsuites>