<?xml version="1.0" encoding="utf-8"?><testsuites name="pytest tests"><testsuite name="pytest" errors="0" failures="1" skipped="0" tests="23" time="12.389" timestamp="2026-03-07T09:10:42.788464+00:00" hostname="agent-env-7f3b11f3-de8c-4c79-a8a4-2520183ab3e0"><testcase classname="backend.tests.test_iteration_8_wallet_coupons.TestWalletAPIs" name="test_login_returns_wallet_balance" time="0.826" /><testcase classname="backend.tests.test_iteration_8_wallet_coupons.TestWalletAPIs" name="test_login_returns_is_delegated_admin" time="0.711" /><testcase classname="backend.tests.test_iteration_8_wallet_coupons.TestWalletAPIs" name="test_get_wallet_balance" time="0.433" /><testcase classname="backend.tests.test_iteration_8_wallet_coupons.TestWalletAPIs" name="test_get_wallet_packages" time="0.444" /><testcase classname="backend.tests.test_iteration_8_wallet_coupons.TestWalletAPIs" name="test_get_wallet_transactions" time="0.423" /><testcase classname="backend.tests.test_iteration_8_wallet_coupons.TestWalletAPIs" name="test_wallet_topup_creates_stripe_session" time="0.957" /><testcase classname="backend.tests.test_iteration_8_wallet_coupons.TestWalletAPIs" name="test_payment_status_endpoint" time="0.424" /><testcase classname="backend.tests.test_iteration_8_wallet_coupons.TestCouponAPIs" name="test_list_coupons" time="0.425" /><testcase classname="backend.tests.test_iteration_8_wallet_coupons.TestCouponAPIs" name="test_create_coupon" time="0.550" /><testcase classname="backend.tests.test_iteration_8_wallet_coupons.TestCouponAPIs" name="test_create_coupon_types" time="0.955" /><testcase classname="backend.tests.test_iteration_8_wallet_coupons.TestCouponAPIs" name="test_delete_coupon" time="0.540" /><testcase classname="backend.tests.test_iteration_8_wallet_coupons.TestCouponAPIs" name="test_redeem_coupon_invalid_code" time="0.442" /><testcase classname="backend.tests.test_iteration_8_wallet_coupons.TestCouponAPIs" name="test_redeem_coupon_duplicate" time="0.434" /><testcase classname="backend.tests.test_iteration_8_wallet_coupons.TestAdminDelegation" name="test_delegate_admin_grant" time="0.456" /><testcase classname="backend.tests.test_iteration_8_wallet_coupons.TestAdminDelegation" name="test_delegate_admin_revoke" time="0.420" /><testcase classname="backend.tests.test_iteration_8_wallet_coupons.TestAdminUsers" name="test_get_all_users" time="0.431" /><testcase classname="backend.tests.test_iteration_8_wallet_coupons.TestSubscriptionPlans" name="test_list_plans" time="0.424" /><testcase classname="backend.tests.test_iteration_8_wallet_coupons.TestSubscriptionPlans" name="test_create_plan" time="0.533" /><testcase classname="backend.tests.test_iteration_8_wallet_coupons.TestSubscriptionPlans" name="test_delete_plan" time="0.558" /><testcase classname="backend.tests.test_iteration_8_wallet_coupons.TestAdminStats" name="test_get_admin_stats" time="0.438" /><testcase classname="backend.tests.test_iteration_8_wallet_coupons.TestAdminStats" name="test_stats_requires_admin" time="0.431" /><testcase classname="backend.tests.test_iteration_8_wallet_coupons.TestWalletPurchaseBank" name="test_purchase_bank_insufficient_balance" time="0.448" /><testcase classname="backend.tests.test_iteration_8_wallet_coupons.TestWalletPurchaseBank" name="test_purchase_bank_endpoint_exists" time="0.535"><failure message="AssertionError: Unexpected: {&quot;detail&quot;:&quot;Subscription not found&quot;}&#10;assert 404 in [200, 400]&#10; +  where 404 = &lt;Response [404]&gt;.status_code">backend/tests/test_iteration_8_wallet_coupons.py:524: in test_purchase_bank_endpoint_exists
    assert response.status_code in [200, 400], f"Unexpected: {response.text}"
E   AssertionError: Unexpected: {"detail":"Subscription not found"}
E   assert 404 in [200, 400]
E    +  where 404 = &lt;Response [404]&gt;.status_code</failure></testcase></testsuite></testsuites>