<?xml version="1.0" encoding="utf-8"?><testsuites name="pytest tests"><testsuite name="pytest" errors="0" failures="0" skipped="0" tests="13" time="2.532" timestamp="2026-03-08T01:36:09.290209+00:00" hostname="agent-env-23a89fe2-135d-437b-8e5d-4a8a5d99c4c6"><testcase classname="tests.test_iteration_21_contests.TestHealthCheck" name="test_backend_health" time="0.189" /><testcase classname="tests.test_iteration_21_contests.TestAdminContestCRUD" name="test_list_contests" time="0.461" /><testcase classname="tests.test_iteration_21_contests.TestAdminContestCRUD" name="test_create_contest" time="0.116" /><testcase classname="tests.test_iteration_21_contests.TestAdminContestCRUD" name="test_update_contest_toggle_active" time="0.235" /><testcase classname="tests.test_iteration_21_contests.TestAdminContestCRUD" name="test_verify_contest_persisted" time="0.113" /><testcase classname="tests.test_iteration_21_contests.TestPublicContestEndpoints" name="test_get_active_contest" time="0.107" /><testcase classname="tests.test_iteration_21_contests.TestPublicContestEndpoints" name="test_get_leaderboard" time="0.099" /><testcase classname="tests.test_iteration_21_contests.TestPublicContestEndpoints" name="test_get_leaderboard_with_contest_id" time="0.224" /><testcase classname="tests.test_iteration_21_contests.TestGuardianReferralAPI" name="test_get_my_referral_code" time="0.475" /><testcase classname="tests.test_iteration_21_contests.TestGuardianReferralAPI" name="test_get_my_referrals" time="0.104" /><testcase classname="tests.test_iteration_21_contests.TestGuardianReferralAPI" name="test_get_reward_amount" time="0.106" /><testcase classname="tests.test_iteration_21_contests.TestContestCleanup" name="test_delete_test_contest" time="0.121" /><testcase classname="tests.test_iteration_21_contests.TestContestCleanup" name="test_verify_contest_deleted" time="0.117" /></testsuite></testsuites>