<?xml version="1.0" encoding="utf-8"?><testsuites name="pytest tests"><testsuite name="pytest" errors="0" failures="0" skipped="0" tests="18" time="9.342" timestamp="2026-03-07T21:25:24.686264+00:00" hostname="agent-env-1a9d170d-43ac-4424-bfe8-5ea73ec5b48a"><testcase classname="backend.tests.test_admin_user_management.TestAdminLogin" name="test_admin_login_success" time="0.400" /><testcase classname="backend.tests.test_admin_user_management.TestAdminCreateUser" name="test_create_user_success" time="0.745" /><testcase classname="backend.tests.test_admin_user_management.TestAdminCreateUser" name="test_create_user_returns_temp_password" time="0.779" /><testcase classname="backend.tests.test_admin_user_management.TestAdminCreateUser" name="test_create_user_rejects_duplicate_email" time="0.433" /><testcase classname="backend.tests.test_admin_user_management.TestAdminCreateUser" name="test_create_user_rejects_invalid_role" time="0.128" /><testcase classname="backend.tests.test_admin_user_management.TestAdminCreateUser" name="test_create_user_requires_admin_role" time="0.124" /><testcase classname="backend.tests.test_admin_user_management.TestAdminCreateUser" name="test_create_brand_partner_auto_approved" time="0.462" /><testcase classname="backend.tests.test_admin_user_management.TestAdminUpdateUser" name="test_update_user_name_and_email" time="0.546" /><testcase classname="backend.tests.test_admin_user_management.TestAdminUpdateUser" name="test_update_user_rejects_duplicate_email" time="0.885" /><testcase classname="backend.tests.test_admin_user_management.TestAdminResetPassword" name="test_reset_password_returns_new_temp_password" time="1.117" /><testcase classname="backend.tests.test_admin_user_management.TestAdminDeactivateUser" name="test_deactivate_user_toggles_status" time="0.514" /><testcase classname="backend.tests.test_admin_user_management.TestAdminDeactivateUser" name="test_deactivated_user_cannot_login" time="1.122" /><testcase classname="backend.tests.test_admin_user_management.TestAdminDeactivateUser" name="test_cannot_deactivate_admin_account" time="0.163" /><testcase classname="backend.tests.test_admin_user_management.TestAdminDeleteUser" name="test_delete_user_permanently" time="0.492" /><testcase classname="backend.tests.test_admin_user_management.TestAdminDeleteUser" name="test_cannot_delete_admin_account" time="0.176" /><testcase classname="backend.tests.test_admin_user_management.TestValidRoles" name="test_create_user_with_valid_role[guardian]" time="0.393" /><testcase classname="backend.tests.test_admin_user_management.TestValidRoles" name="test_create_user_with_valid_role[teacher]" time="0.379" /><testcase classname="backend.tests.test_admin_user_management.TestValidRoles" name="test_create_user_with_valid_role[brand_partner]" time="0.392" /></testsuite></testsuites>