<?xml version="1.0" encoding="utf-8"?><testsuites name="pytest tests"><testsuite name="pytest" errors="0" failures="0" skipped="0" tests="9" time="3.617" timestamp="2026-03-08T00:59:14.186134+00:00" hostname="agent-env-23a89fe2-135d-437b-8e5d-4a8a5d99c4c6"><testcase classname="backend.tests.test_iteration_20_currency_referrals.TestHealthCheck" name="test_backend_health" time="0.142" /><testcase classname="backend.tests.test_iteration_20_currency_referrals.TestCurrencyDetection" name="test_currency_detect_returns_expected_fields" time="0.216" /><testcase classname="backend.tests.test_iteration_20_currency_referrals.TestCurrencyDetection" name="test_currency_rates_returns_expected_structure" time="0.117" /><testcase classname="backend.tests.test_iteration_20_currency_referrals.TestReferralRewardAmount" name="test_get_referral_reward_amount" time="0.109" /><testcase classname="backend.tests.test_iteration_20_currency_referrals.TestGuardianReferrals" name="test_get_my_referral_code" time="0.457" /><testcase classname="backend.tests.test_iteration_20_currency_referrals.TestGuardianReferrals" name="test_get_my_referrals_returns_expected_fields" time="0.448" /><testcase classname="backend.tests.test_iteration_20_currency_referrals.TestAdminBillingConfig" name="test_get_billing_config_includes_referral_reward" time="0.432" /><testcase classname="backend.tests.test_iteration_20_currency_referrals.TestAdminBillingConfig" name="test_update_referral_reward_amount" time="0.783" /><testcase classname="backend.tests.test_iteration_20_currency_referrals.TestStudentToggleEndpoints" name="test_get_students_has_toggle_fields" time="0.862" /></testsuite></testsuites>