<?xml version="1.0" encoding="utf-8"?><testsuites name="pytest tests"><testsuite name="pytest" errors="0" failures="0" skipped="0" tests="18" time="24.997" timestamp="2026-03-07T08:44:52.864748+00:00" hostname="agent-env-9d4aab2a-ad6a-4d3e-97b9-bb88b2237962"><testcase classname="backend.tests.test_iteration_7_written_answers.TestHealthCheck" name="test_health_endpoint" time="0.166" /><testcase classname="backend.tests.test_iteration_7_written_answers.TestWrittenAnswerEvaluation" name="test_evaluate_written_returns_result" time="7.020" /><testcase classname="backend.tests.test_iteration_7_written_answers.TestWrittenAnswerEvaluation" name="test_evaluate_written_lenient_fallback" time="9.285" /><testcase classname="backend.tests.test_iteration_7_written_answers.TestWrittenAnswerEvaluation" name="test_evaluate_written_exact_spelling_mode" time="7.147" /><testcase classname="backend.tests.test_iteration_7_written_answers.TestAdminSettings" name="test_get_admin_settings_returns_defaults" time="0.052" /><testcase classname="backend.tests.test_iteration_7_written_answers.TestAdminSettings" name="test_update_admin_settings_spellcheck" time="0.149" /><testcase classname="backend.tests.test_iteration_7_written_answers.TestAdminSettings" name="test_update_admin_settings_spelling_mode" time="0.100" /><testcase classname="backend.tests.test_iteration_7_written_answers.TestAdminSettings" name="test_update_admin_settings_free_limits" time="0.098" /><testcase classname="backend.tests.test_iteration_7_written_answers.TestStudentSpellcheckToggle" name="test_toggle_spellcheck_returns_new_state" time="0.164" /><testcase classname="backend.tests.test_iteration_7_written_answers.TestStudentSpellcheckToggle" name="test_spellcheck_toggle_unauthorized_student" time="0.051" /><testcase classname="backend.tests.test_iteration_7_written_answers.TestStudentSpellingModeToggle" name="test_toggle_spelling_mode" time="0.146" /><testcase classname="backend.tests.test_iteration_7_written_answers.TestStudentSpellingModeToggle" name="test_spelling_mode_unauthorized_student" time="0.049" /><testcase classname="backend.tests.test_iteration_7_written_answers.TestSpellingLogs" name="test_get_spelling_logs_returns_list" time="0.054" /><testcase classname="backend.tests.test_iteration_7_written_answers.TestSpellingLogs" name="test_spelling_logs_unauthorized_student" time="0.046" /><testcase classname="backend.tests.test_iteration_7_written_answers.TestStudentLogin" name="test_student_login_success_pintest_kid" time="0.137" /><testcase classname="backend.tests.test_iteration_7_written_answers.TestStudentLogin" name="test_student_login_success_sj" time="0.101" /><testcase classname="backend.tests.test_iteration_7_written_answers.TestStudentLogin" name="test_student_login_invalid_pin" time="0.098" /><testcase classname="backend.tests.test_iteration_7_written_answers.TestNarrativesForStudent" name="test_sj_student_has_narratives" time="0.052" /></testsuite></testsuites>