<?xml version="1.0" encoding="utf-8"?><testsuites name="pytest tests"><testsuite name="pytest" errors="0" failures="0" skipped="0" tests="9" time="2.506" timestamp="2026-03-10T12:08:58.390182+00:00" hostname="agent-env-159b47fb-80ae-4dc8-9c4d-5e6b50241362"><testcase classname="backend.tests.test_iteration_45_integrations.TestIntegrationsEndpoint" name="test_get_integrations_success" time="0.476" /><testcase classname="backend.tests.test_iteration_45_integrations.TestIntegrationsEndpoint" name="test_get_integrations_forbidden_for_non_admin" time="0.198" /><testcase classname="backend.tests.test_iteration_45_integrations.TestIntegrationsEndpoint" name="test_integrations_keys_are_masked" time="0.101" /><testcase classname="backend.tests.test_iteration_45_integrations.TestUpdateIntegrations" name="test_update_integrations_sender_email" time="0.426" /><testcase classname="backend.tests.test_iteration_45_integrations.TestUpdateIntegrations" name="test_update_integrations_toggle_paypal_enabled" time="0.435" /><testcase classname="backend.tests.test_iteration_45_integrations.TestUpdateIntegrations" name="test_update_integrations_forbidden_for_non_admin" time="0.116" /><testcase classname="backend.tests.test_iteration_45_integrations.TestPayPalConfigReflectsDB" name="test_paypal_config_endpoint" time="0.218" /><testcase classname="backend.tests.test_iteration_45_integrations.TestHealthAndBasicEndpoints" name="test_health_endpoint" time="0.119" /><testcase classname="backend.tests.test_iteration_45_integrations.TestHealthAndBasicEndpoints" name="test_admin_login" time="0.347" /></testsuite></testsuites>