<?xml version="1.0" encoding="utf-8"?><testsuites name="pytest tests"><testsuite name="pytest" errors="0" failures="0" skipped="0" tests="21" time="10.376" timestamp="2026-03-07T17:49:36.777336+00:00" hostname="agent-env-7f3b11f3-de8c-4c79-a8a4-2520183ab3e0"><testcase classname="backend.tests.test_iteration_10_brand_sponsorship.TestBrandSponsorshipSystem" name="test_create_brand_success" time="0.579" /><testcase classname="backend.tests.test_iteration_10_brand_sponsorship.TestBrandSponsorshipSystem" name="test_list_brands" time="0.429" /><testcase classname="backend.tests.test_iteration_10_brand_sponsorship.TestBrandSponsorshipSystem" name="test_update_brand_toggle_active" time="0.673" /><testcase classname="backend.tests.test_iteration_10_brand_sponsorship.TestBrandSponsorshipSystem" name="test_delete_brand" time="0.542" /><testcase classname="backend.tests.test_iteration_10_brand_sponsorship.TestBrandSponsorshipSystem" name="test_delete_nonexistent_brand" time="0.579" /><testcase classname="backend.tests.test_iteration_10_brand_sponsorship.TestBrandSponsorshipSystem" name="test_get_brand_analytics" time="0.440" /><testcase classname="backend.tests.test_iteration_10_brand_sponsorship.TestBrandSponsorshipSystem" name="test_create_classroom_sponsorship" time="0.534" /><testcase classname="backend.tests.test_iteration_10_brand_sponsorship.TestBrandSponsorshipSystem" name="test_create_sponsorship_nonexistent_brand" time="0.436" /><testcase classname="backend.tests.test_iteration_10_brand_sponsorship.TestBrandSponsorshipSystem" name="test_list_classroom_sponsorships" time="0.440" /><testcase classname="backend.tests.test_iteration_10_brand_sponsorship.TestBrandSponsorshipSystem" name="test_delete_classroom_sponsorship" time="0.683" /><testcase classname="backend.tests.test_iteration_10_brand_sponsorship.TestStudentAdPreferences" name="test_get_ad_preferences_for_student" time="0.468" /><testcase classname="backend.tests.test_iteration_10_brand_sponsorship.TestStudentAdPreferences" name="test_update_ad_preferences_opt_in" time="0.496" /><testcase classname="backend.tests.test_iteration_10_brand_sponsorship.TestStudentAdPreferences" name="test_update_ad_preferences_opt_out" time="0.492" /><testcase classname="backend.tests.test_iteration_10_brand_sponsorship.TestStudentAdPreferences" name="test_get_ad_preferences_nonexistent_student" time="0.483" /><testcase classname="backend.tests.test_iteration_10_brand_sponsorship.TestActiveBrandsForStudent" name="test_active_brands_for_student_opted_out" time="0.602" /><testcase classname="backend.tests.test_iteration_10_brand_sponsorship.TestActiveBrandsForStudent" name="test_active_brands_for_student_opted_in" time="0.499" /><testcase classname="backend.tests.test_iteration_10_brand_sponsorship.TestActiveBrandsForStudent" name="test_active_brands_nonexistent_student" time="0.429" /><testcase classname="backend.tests.test_iteration_10_brand_sponsorship.TestFeatureFlags" name="test_feature_flags_include_brand_sponsorship" time="0.389" /><testcase classname="backend.tests.test_iteration_10_brand_sponsorship.TestFeatureFlags" name="test_feature_flags_include_classroom_sponsorship" time="0.414" /><testcase classname="backend.tests.test_iteration_10_brand_sponsorship.TestFeatureFlags" name="test_update_brand_sponsorship_flag" time="0.590" /><testcase classname="backend.tests.test_iteration_10_brand_sponsorship.TestAPIHealth" name="test_api_health" time="0.119" /></testsuite></testsuites>