<?xml version="1.0" encoding="utf-8"?><testsuites name="pytest tests"><testsuite name="pytest" errors="0" failures="0" skipped="0" tests="9" time="3.689" timestamp="2026-03-10T14:08:15.775871+00:00" hostname="agent-env-159b47fb-80ae-4dc8-9c4d-5e6b50241362"><testcase classname="backend.tests.test_iteration_46_id_cards_features.TestUserIDCards" name="test_user_card_returns_guardian_card" time="0.534" /><testcase classname="backend.tests.test_iteration_46_id_cards_features.TestUserIDCards" name="test_user_card_returns_student_cards" time="0.478" /><testcase classname="backend.tests.test_iteration_46_id_cards_features.TestUserIDCards" name="test_user_card_requires_auth" time="0.483" /><testcase classname="backend.tests.test_iteration_46_id_cards_features.TestRecordingNotifications" name="test_notifications_endpoint_exists" time="0.588" /><testcase classname="backend.tests.test_iteration_46_id_cards_features.TestCoreAPIs" name="test_health_endpoint" time="0.112" /><testcase classname="backend.tests.test_iteration_46_id_cards_features.TestCoreAPIs" name="test_login_endpoint" time="0.326" /><testcase classname="backend.tests.test_iteration_46_id_cards_features.TestCoreAPIs" name="test_students_endpoint_authenticated" time="0.488" /><testcase classname="backend.tests.test_iteration_46_id_cards_features.TestCoreAPIs" name="test_students_endpoint_requires_auth" time="0.112" /><testcase classname="backend.tests.test_iteration_46_id_cards_features.TestGuardianRecordings" name="test_guardian_recordings_endpoint" time="0.500" /></testsuite></testsuites>