<?xml version="1.0" encoding="utf-8"?><testsuites name="pytest tests"><testsuite name="pytest" errors="0" failures="0" skipped="0" tests="14" time="4.464" timestamp="2026-03-07T22:05:32.499119+00:00" hostname="agent-env-1a9d170d-43ac-4424-bfe8-5ea73ec5b48a"><testcase classname="backend.tests.test_forgot_password_email_verification.TestForgotPassword" name="test_forgot_password_existing_email" time="0.351" /><testcase classname="backend.tests.test_forgot_password_email_verification.TestForgotPassword" name="test_forgot_password_nonexistent_email" time="0.051" /><testcase classname="backend.tests.test_forgot_password_email_verification.TestForgotPassword" name="test_forgot_password_invalid_email_format" time="0.053" /><testcase classname="backend.tests.test_forgot_password_email_verification.TestResetPassword" name="test_reset_password_invalid_code" time="0.056" /><testcase classname="backend.tests.test_forgot_password_email_verification.TestResetPassword" name="test_reset_password_missing_fields" time="0.050" /><testcase classname="backend.tests.test_forgot_password_email_verification.TestEmailVerificationRequiresAuth" name="test_send_verification_requires_auth" time="0.054" /><testcase classname="backend.tests.test_forgot_password_email_verification.TestEmailVerificationRequiresAuth" name="test_verify_email_requires_auth" time="0.067" /><testcase classname="backend.tests.test_forgot_password_email_verification.TestEmailVerificationRequiresAuth" name="test_send_verification_with_auth" time="0.525" /><testcase classname="backend.tests.test_forgot_password_email_verification.TestEmailVerificationRequiresAuth" name="test_verify_email_invalid_code" time="0.052" /><testcase classname="backend.tests.test_forgot_password_email_verification.TestForgotPasswordDBIntegration" name="test_forgot_password_stores_code_in_db" time="0.302" /><testcase classname="backend.tests.test_forgot_password_email_verification.TestForgotPasswordDBIntegration" name="test_reset_password_with_valid_code_from_db" time="1.043" /><testcase classname="backend.tests.test_forgot_password_email_verification.TestForgotPasswordDBIntegration" name="test_reset_password_code_cannot_be_reused" time="1.074" /><testcase classname="backend.tests.test_forgot_password_email_verification.TestEmailVerificationDBIntegration" name="test_registration_stores_verification_code" time="0.449" /><testcase classname="backend.tests.test_forgot_password_email_verification.TestLoginAfterPasswordReset" name="test_login_with_original_password" time="0.272" /></testsuite></testsuites>