<?xml version="1.0" encoding="utf-8"?><testsuites name="pytest tests"><testsuite name="pytest" errors="0" failures="0" skipped="0" tests="37" time="13.144" timestamp="2026-03-10T11:31:56.451867+00:00" hostname="agent-env-159b47fb-80ae-4dc8-9c4d-5e6b50241362"><testcase classname="backend.tests.test_refactored_routes_regression.TestHealthAndRoot" name="test_root_endpoint" time="0.187" /><testcase classname="backend.tests.test_refactored_routes_regression.TestHealthAndRoot" name="test_health_check" time="0.115" /><testcase classname="backend.tests.test_refactored_routes_regression.TestAuthentication" name="test_login_with_admin_credentials" time="0.346" /><testcase classname="backend.tests.test_refactored_routes_regression.TestAuthentication" name="test_login_invalid_credentials" time="0.113" /><testcase classname="backend.tests.test_refactored_routes_regression.TestAuthenticatedEndpoints" name="test_get_students" time="0.434" /><testcase classname="backend.tests.test_refactored_routes_regression.TestAuthenticatedEndpoints" name="test_get_word_banks" time="0.615" /><testcase classname="backend.tests.test_refactored_routes_regression.TestAuthenticatedEndpoints" name="test_get_admin_stats" time="0.448" /><testcase classname="backend.tests.test_refactored_routes_regression.TestAuthenticatedEndpoints" name="test_get_admin_users" time="0.433" /><testcase classname="backend.tests.test_refactored_routes_regression.TestAuthenticatedEndpoints" name="test_get_admin_brands" time="0.436" /><testcase classname="backend.tests.test_refactored_routes_regression.TestAuthenticatedEndpoints" name="test_get_admin_brand_analytics" time="0.430" /><testcase classname="backend.tests.test_refactored_routes_regression.TestAuthenticatedEndpoints" name="test_get_admin_affiliates" time="0.433" /><testcase classname="backend.tests.test_refactored_routes_regression.TestAuthenticatedEndpoints" name="test_get_affiliate_my_stats" time="0.431" /><testcase classname="backend.tests.test_refactored_routes_regression.TestAuthenticatedEndpoints" name="test_get_guardian_recordings" time="0.446" /><testcase classname="backend.tests.test_refactored_routes_regression.TestAuthenticatedEndpoints" name="test_get_classroom_sessions" time="0.444" /><testcase classname="backend.tests.test_refactored_routes_regression.TestAuthenticatedEndpoints" name="test_get_narratives" time="0.429" /><testcase classname="backend.tests.test_refactored_routes_regression.TestPublicDocumentEndpoints" name="test_patent_definitive_pdf" time="0.153" /><testcase classname="backend.tests.test_refactored_routes_regression.TestPublicDocumentEndpoints" name="test_patent_definitive_md" time="0.124" /><testcase classname="backend.tests.test_refactored_routes_regression.TestPublicDocumentEndpoints" name="test_patent_screenshots_pdf" time="0.186" /><testcase classname="backend.tests.test_refactored_routes_regression.TestPublicDocumentEndpoints" name="test_user_manual_master_pdf" time="0.126" /><testcase classname="backend.tests.test_refactored_routes_regression.TestAdditionalAdminEndpoints" name="test_admin_costs" time="0.427" /><testcase classname="backend.tests.test_refactored_routes_regression.TestAdditionalAdminEndpoints" name="test_admin_models" time="0.416" /><testcase classname="backend.tests.test_refactored_routes_regression.TestAdditionalAdminEndpoints" name="test_admin_plan_stats" time="0.430" /><testcase classname="backend.tests.test_refactored_routes_regression.TestAdditionalAdminEndpoints" name="test_admin_coupons" time="0.428" /><testcase classname="backend.tests.test_refactored_routes_regression.TestAdditionalAdminEndpoints" name="test_admin_plans" time="0.451" /><testcase classname="backend.tests.test_refactored_routes_regression.TestWalletEndpoints" name="test_wallet_balance" time="0.444" /><testcase classname="backend.tests.test_refactored_routes_regression.TestWalletEndpoints" name="test_wallet_transactions" time="0.440" /><testcase classname="backend.tests.test_refactored_routes_regression.TestWalletEndpoints" name="test_wallet_packages" time="0.459" /><testcase classname="backend.tests.test_refactored_routes_regression.TestReferralEndpoints" name="test_referral_my_code" time="0.422" /><testcase classname="backend.tests.test_refactored_routes_regression.TestReferralEndpoints" name="test_referral_my_referrals" time="0.454" /><testcase classname="backend.tests.test_refactored_routes_regression.TestReferralEndpoints" name="test_referral_reward_amount" time="0.430" /><testcase classname="backend.tests.test_refactored_routes_regression.TestReferralEndpoints" name="test_contests_leaderboard" time="0.424" /><testcase classname="backend.tests.test_refactored_routes_regression.TestCurrencyEndpoints" name="test_currency_detect" time="0.282" /><testcase classname="backend.tests.test_refactored_routes_regression.TestCurrencyEndpoints" name="test_currency_rates" time="0.101" /><testcase classname="backend.tests.test_refactored_routes_regression.TestNotificationEndpoints" name="test_notifications" time="0.433" /><testcase classname="backend.tests.test_refactored_routes_regression.TestNotificationEndpoints" name="test_admin_messages" time="0.433" /><testcase classname="backend.tests.test_refactored_routes_regression.TestSpellingContestEndpoints" name="test_spelling_contests" time="0.123" /><testcase classname="backend.tests.test_refactored_routes_regression.TestSubscriptionEndpoints" name="test_subscription_plans_available" time="0.107" /></testsuite></testsuites>