<?xml version="1.0" encoding="utf-8"?><testsuites name="pytest tests"><testsuite name="pytest" errors="0" failures="0" skipped="0" tests="19" time="25.995" timestamp="2026-03-11T22:51:15.729156+00:00" hostname="agent-env-69f4b21d-e7b0-4406-b601-2b5438a0086c"><testcase classname="backend.tests.test_iteration_53_backup_restore.TestBackupRestoreSystem" name="test_backup_status_requires_auth" time="0.186" /><testcase classname="backend.tests.test_iteration_53_backup_restore.TestBackupRestoreSystem" name="test_backup_status_returns_counts" time="0.509" /><testcase classname="backend.tests.test_iteration_53_backup_restore.TestBackupRestoreSystem" name="test_backup_status_includes_users" time="0.191" /><testcase classname="backend.tests.test_iteration_53_backup_restore.TestBackupRestoreSystem" name="test_backup_status_includes_word_banks" time="0.125" /><testcase classname="backend.tests.test_iteration_53_backup_restore.TestBackupRestoreSystem" name="test_backup_download_requires_auth" time="0.113" /><testcase classname="backend.tests.test_iteration_53_backup_restore.TestBackupRestoreSystem" name="test_backup_download_returns_json" time="4.248" /><testcase classname="backend.tests.test_iteration_53_backup_restore.TestBackupRestoreSystem" name="test_backup_contains_valid_structure" time="4.258" /><testcase classname="backend.tests.test_iteration_53_backup_restore.TestBackupRestoreSystem" name="test_backup_contains_users_data" time="4.263" /><testcase classname="backend.tests.test_iteration_53_backup_restore.TestBackupRestoreSystem" name="test_restore_requires_auth" time="0.171" /><testcase classname="backend.tests.test_iteration_53_backup_restore.TestBackupRestoreSystem" name="test_restore_rejects_non_json" time="0.176" /><testcase classname="backend.tests.test_iteration_53_backup_restore.TestBackupRestoreSystem" name="test_restore_rejects_invalid_json" time="0.117" /><testcase classname="backend.tests.test_iteration_53_backup_restore.TestBackupRestoreSystem" name="test_restore_rejects_missing_collections" time="0.166" /><testcase classname="backend.tests.test_iteration_53_backup_restore.TestBackupRestoreSystem" name="test_restore_with_existing_backup" time="0.851" /><testcase classname="backend.tests.test_iteration_53_backup_restore.TestBackupRestoreSystem" name="test_restore_upsert_behavior" time="0.237" /><testcase classname="backend.tests.test_iteration_53_backup_restore.TestSelfBootstrap" name="test_admin_user_exists" time="0.342" /><testcase classname="backend.tests.test_iteration_53_backup_restore.TestSelfBootstrap" name="test_word_banks_seeded" time="0.563" /><testcase classname="backend.tests.test_iteration_53_backup_restore.TestSelfBootstrap" name="test_database_indexes_created" time="0.513" /><testcase classname="backend.tests.test_iteration_53_backup_restore.TestBackupFileIntegrity" name="test_backup_objectid_serialization" time="4.647" /><testcase classname="backend.tests.test_iteration_53_backup_restore.TestBackupFileIntegrity" name="test_backup_datetime_serialization" time="4.232" /></testsuite></testsuites>