<?xml version="1.0" encoding="utf-8"?><testsuites name="pytest tests"><testsuite name="pytest" errors="0" failures="0" skipped="1" tests="16" time="5.602" timestamp="2026-03-08T04:03:32.545111+00:00" hostname="agent-env-1f783a5b-5f30-4fe7-872b-04cf5c06c44b"><testcase classname="backend.tests.test_iteration_25_subscription.TestSubscriptionPlansAvailable" name="test_get_available_plans_returns_200" time="0.183" /><testcase classname="backend.tests.test_iteration_25_subscription.TestSubscriptionPlansAvailable" name="test_get_available_plans_returns_list" time="0.114" /><testcase classname="backend.tests.test_iteration_25_subscription.TestSubscriptionPlansAvailable" name="test_available_plans_have_required_fields" time="0.116" /><testcase classname="backend.tests.test_iteration_25_subscription.TestAdminPlanEdit" name="test_admin_can_list_plans" time="0.484" /><testcase classname="backend.tests.test_iteration_25_subscription.TestAdminPlanEdit" name="test_admin_can_edit_plan" time="0.351" /><testcase classname="backend.tests.test_iteration_25_subscription.TestAdminPlanEdit" name="test_admin_can_edit_plan_price_and_seats" time="0.335" /><testcase classname="backend.tests.test_iteration_25_subscription.TestAdminPlanEdit" name="test_admin_can_toggle_plan_active_status" time="0.326" /><testcase classname="backend.tests.test_iteration_25_subscription.TestAdminPlanEdit" name="test_non_admin_cannot_edit_plan" time="0.580" /><testcase classname="backend.tests.test_iteration_25_subscription.TestAdminAssignSubscription" name="test_admin_can_assign_subscription" time="0.993" /><testcase classname="backend.tests.test_iteration_25_subscription.TestAdminAssignSubscription" name="test_non_admin_cannot_assign_subscription" time="0.214" /><testcase classname="backend.tests.test_iteration_25_subscription.TestAdminAssignSubscription" name="test_assign_invalid_plan_returns_404" time="0.232" /><testcase classname="backend.tests.test_iteration_25_subscription.TestSubscriptionUpgrade" name="test_guardian_can_view_own_subscription" time="0.556" /><testcase classname="backend.tests.test_iteration_25_subscription.TestSubscriptionUpgrade" name="test_upgrade_requires_sufficient_balance" time="0.393" /><testcase classname="backend.tests.test_iteration_25_subscription.TestSubscriptionUpgrade" name="test_upgrade_to_free_plan_works" time="0.116"><skipped type="pytest.skip" message="No free plans available">/app/backend/tests/test_iteration_25_subscription.py:387: No free plans available</skipped></testcase><testcase classname="backend.tests.test_iteration_25_subscription.TestSubscriptionUpgrade" name="test_upgrade_invalid_plan_returns_404" time="0.105" /><testcase classname="backend.tests.test_iteration_25_subscription.TestCouponRedemption" name="test_invalid_coupon_fails" time="0.449" /></testsuite></testsuites>