<?xml version="1.0" encoding="utf-8"?><testsuites name="pytest tests"><testsuite name="pytest" errors="0" failures="0" skipped="0" tests="13" time="3.915" timestamp="2026-03-10T02:43:05.395819+00:00" hostname="agent-env-7ad6c276-b92f-47d8-b91e-6842607a5ba3"><testcase classname="backend.tests.test_iteration_36_affiliate_coupon.TestAffiliateSignup" name="test_affiliate_signup_success" time="0.338" /><testcase classname="backend.tests.test_iteration_36_affiliate_coupon.TestAffiliateSignup" name="test_affiliate_signup_duplicate_email" time="0.382" /><testcase classname="backend.tests.test_iteration_36_affiliate_coupon.TestAffiliateSignup" name="test_affiliate_signup_missing_fields" time="0.239" /><testcase classname="backend.tests.test_iteration_36_affiliate_coupon.TestCouponSystem" name="test_admin_list_coupons" time="0.452" /><testcase classname="backend.tests.test_iteration_36_affiliate_coupon.TestCouponSystem" name="test_admin_create_wallet_credit_coupon" time="0.107" /><testcase classname="backend.tests.test_iteration_36_affiliate_coupon.TestCouponSystem" name="test_admin_create_percentage_discount_coupon" time="0.112" /><testcase classname="backend.tests.test_iteration_36_affiliate_coupon.TestCouponRedemption" name="test_redeem_wallet_credit_coupon" time="0.839" /><testcase classname="backend.tests.test_iteration_36_affiliate_coupon.TestCouponRedemption" name="test_duplicate_redemption_blocked" time="0.144" /><testcase classname="backend.tests.test_iteration_36_affiliate_coupon.TestCouponRedemption" name="test_invalid_coupon_error" time="0.107" /><testcase classname="backend.tests.test_iteration_36_affiliate_coupon.TestWalletSystem" name="test_get_wallet_balance" time="0.425" /><testcase classname="backend.tests.test_iteration_36_affiliate_coupon.TestWalletSystem" name="test_get_wallet_transactions" time="0.144" /><testcase classname="backend.tests.test_iteration_36_affiliate_coupon.TestWalletSystem" name="test_wallet_packages" time="0.120" /><testcase classname="backend.tests.test_iteration_36_affiliate_coupon.TestExistingCoupons" name="test_existing_coupons_structure" time="0.432" /></testsuite></testsuites>