<?xml version="1.0" encoding="utf-8"?><testsuites name="pytest tests"><testsuite name="pytest" errors="0" failures="0" skipped="0" tests="21" time="4.589" timestamp="2026-03-08T04:21:09.468326+00:00" hostname="agent-env-1f783a5b-5f30-4fe7-872b-04cf5c06c44b"><testcase classname="backend.tests.test_iteration_26_admin_features.TestSubscriptionAutoCreate" name="test_subscription_endpoint_returns_200" time="0.843" /><testcase classname="backend.tests.test_iteration_26_admin_features.TestSubscriptionAutoCreate" name="test_subscription_has_required_fields" time="0.148" /><testcase classname="backend.tests.test_iteration_26_admin_features.TestSubscriptionAutoCreate" name="test_guardian_subscription_has_seats" time="0.139" /><testcase classname="backend.tests.test_iteration_26_admin_features.TestSubscriptionAutoCreate" name="test_auto_create_subscription_for_user_without_one" time="0.615" /><testcase classname="backend.tests.test_iteration_26_admin_features.TestAdminPlanStats" name="test_plan_stats_returns_200" time="0.116" /><testcase classname="backend.tests.test_iteration_26_admin_features.TestAdminPlanStats" name="test_plan_stats_has_required_fields" time="0.113" /><testcase classname="backend.tests.test_iteration_26_admin_features.TestAdminPlanStats" name="test_plan_breakdown_structure" time="0.118" /><testcase classname="backend.tests.test_iteration_26_admin_features.TestAdminPlanStats" name="test_plan_stats_requires_admin" time="0.110" /><testcase classname="backend.tests.test_iteration_26_admin_features.TestAdminUserSearch" name="test_user_search_by_name" time="0.159" /><testcase classname="backend.tests.test_iteration_26_admin_features.TestAdminUserSearch" name="test_user_search_by_email" time="0.107" /><testcase classname="backend.tests.test_iteration_26_admin_features.TestAdminUserSearch" name="test_user_search_empty_result" time="0.111" /><testcase classname="backend.tests.test_iteration_26_admin_features.TestAdminUserSearch" name="test_user_search_without_param" time="0.123" /><testcase classname="backend.tests.test_iteration_26_admin_features.TestAdminEditSubscription" name="test_edit_subscription_seats" time="0.332" /><testcase classname="backend.tests.test_iteration_26_admin_features.TestAdminEditSubscription" name="test_edit_subscription_plan_name" time="0.362" /><testcase classname="backend.tests.test_iteration_26_admin_features.TestAdminEditSubscription" name="test_edit_subscription_status" time="0.111" /><testcase classname="backend.tests.test_iteration_26_admin_features.TestAdminEditSubscription" name="test_edit_subscription_requires_admin" time="0.108" /><testcase classname="backend.tests.test_iteration_26_admin_features.TestAdminEditSubscription" name="test_edit_subscription_empty_update" time="0.122" /><testcase classname="backend.tests.test_iteration_26_admin_features.TestAdminEditWallet" name="test_edit_wallet_balance" time="0.229" /><testcase classname="backend.tests.test_iteration_26_admin_features.TestAdminEditWallet" name="test_edit_wallet_creates_transaction" time="0.311" /><testcase classname="backend.tests.test_iteration_26_admin_features.TestAdminEditWallet" name="test_edit_wallet_requires_admin" time="0.117" /><testcase classname="backend.tests.test_iteration_26_admin_features.TestAdminEditWallet" name="test_edit_wallet_nonexistent_user" time="0.109" /></testsuite></testsuites>