<?xml version="1.0" encoding="utf-8"?><testsuites name="pytest tests"><testsuite name="pytest" errors="0" failures="0" skipped="0" tests="11" time="9.305" timestamp="2026-03-11T17:52:57.691736+00:00" hostname="agent-env-1fc1b834-8881-40b1-8675-6d3fede55e06"><testcase classname="backend.tests.test_iteration_49_digital_media.TestAdminMediaSettings" name="test_get_media_settings" time="0.558" /><testcase classname="backend.tests.test_iteration_49_digital_media.TestAdminMediaSettings" name="test_update_media_settings_toggle" time="0.881" /><testcase classname="backend.tests.test_iteration_49_digital_media.TestAdminMediaSettings" name="test_update_media_settings_pricing" time="0.721" /><testcase classname="backend.tests.test_iteration_49_digital_media.TestAdminBrandMedia" name="test_list_brand_media" time="0.528" /><testcase classname="backend.tests.test_iteration_49_digital_media.TestAdminBrandMedia" name="test_create_youtube_video" time="2.071" /><testcase classname="backend.tests.test_iteration_49_digital_media.TestAdminBrandMedia" name="test_update_brand_media" time="1.125" /><testcase classname="backend.tests.test_iteration_49_digital_media.TestAdminBrandMedia" name="test_delete_brand_media" time="0.893" /><testcase classname="backend.tests.test_iteration_49_digital_media.TestGuardianMediaFeatures" name="test_get_children_media" time="0.460" /><testcase classname="backend.tests.test_iteration_49_digital_media.TestGuardianMediaFeatures" name="test_update_student_media_preference" time="0.782" /><testcase classname="backend.tests.test_iteration_49_digital_media.TestStudentMediaLibrary" name="test_get_student_media_library" time="0.634" /><testcase classname="backend.tests.test_iteration_49_digital_media.TestStudentMediaLibrary" name="test_get_media_for_story" time="0.559" /></testsuite></testsuites>