<?xml version="1.0" encoding="utf-8"?><testsuites name="pytest tests"><testsuite name="pytest" errors="0" failures="0" skipped="0" tests="11" time="3.030" timestamp="2026-03-08T07:40:13.404079+00:00" hostname="agent-env-3738b7aa-2b13-4060-9495-65da3d188601"><testcase classname="backend.tests.test_iteration_30_brand_story_integrations.TestBrandPortalStoryIntegrations" name="test_admin_login_success" time="0.367" /><testcase classname="backend.tests.test_iteration_30_brand_story_integrations.TestBrandPortalStoryIntegrations" name="test_brand_portal_story_integrations_api" time="0.379" /><testcase classname="backend.tests.test_iteration_30_brand_story_integrations.TestBrandPortalStoryIntegrations" name="test_story_snippet_structure" time="0.381" /><testcase classname="backend.tests.test_iteration_30_brand_story_integrations.TestBrandPortalStoryIntegrations" name="test_student_response_structure" time="0.374" /><testcase classname="backend.tests.test_iteration_30_brand_story_integrations.TestBrandPortalStoryIntegrations" name="test_admin_can_access_brand_portal_profile" time="0.359" /><testcase classname="backend.tests.test_iteration_30_brand_story_integrations.TestAdminAccessControl" name="test_unauthenticated_cannot_access_story_integrations" time="0.103" /><testcase classname="backend.tests.test_iteration_30_brand_story_integrations.TestAdminAccessControl" name="test_create_test_user_and_check_admin_restriction" time="0.562" /><testcase classname="backend.tests.test_iteration_30_brand_story_integrations.TestFrontendEndpoints" name="test_login_page_loads" time="0.133" /><testcase classname="backend.tests.test_iteration_30_brand_story_integrations.TestFrontendEndpoints" name="test_register_page_loads" time="0.112" /><testcase classname="backend.tests.test_iteration_30_brand_story_integrations.TestFrontendEndpoints" name="test_student_login_page_loads" time="0.097" /><testcase classname="backend.tests.test_iteration_30_brand_story_integrations.TestFrontendEndpoints" name="test_brand_portal_page_loads" time="0.101" /></testsuite></testsuites>