<?xml version="1.0" encoding="utf-8"?><testsuites name="pytest tests"><testsuite name="pytest" errors="0" failures="0" skipped="1" tests="10" time="4.401" timestamp="2026-03-10T21:56:00.033825+00:00" hostname="agent-env-1fc1b834-8881-40b1-8675-6d3fede55e06"><testcase classname="backend.tests.test_iteration_48_features.TestAdminLogin" name="test_admin_login" time="0.369" /><testcase classname="backend.tests.test_iteration_48_features.TestAdminImpersonation" name="test_get_users_list" time="0.485" /><testcase classname="backend.tests.test_iteration_48_features.TestAdminImpersonation" name="test_impersonate_user" time="0.596" /><testcase classname="backend.tests.test_iteration_48_features.TestAdminImpersonation" name="test_impersonate_nonexistent_user" time="0.449" /><testcase classname="backend.tests.test_iteration_48_features.TestSupportSession" name="test_create_support_session_without_daily_key" time="0.484" /><testcase classname="backend.tests.test_iteration_48_features.TestSupportSession" name="test_non_admin_cannot_create_session" time="0.000"><skipped type="pytest.skip" message="Need non-admin user token for this test">/app/backend/tests/test_iteration_48_features.py:125: Need non-admin user token for this test</skipped></testcase><testcase classname="backend.tests.test_iteration_48_features.TestStudentChangeMyPin" name="test_change_pin_validation_error" time="0.116" /><testcase classname="backend.tests.test_iteration_48_features.TestStudentChangeMyPin" name="test_change_pin_wrong_current_pin" time="0.611" /><testcase classname="backend.tests.test_iteration_48_features.TestIntegrations" name="test_get_integrations" time="0.445" /><testcase classname="backend.tests.test_iteration_48_features.TestAdminStats" name="test_get_admin_stats" time="0.792" /></testsuite></testsuites>