<?xml version="1.0" encoding="utf-8"?><testsuites name="pytest tests"><testsuite name="pytest" errors="0" failures="0" skipped="0" tests="16" time="2.018" timestamp="2026-03-08T06:35:26.147454+00:00" hostname="agent-env-3738b7aa-2b13-4060-9495-65da3d188601"><testcase classname="backend.tests.test_p0_vocabulary_score_fix.TestP0BugFix" name="test_login_returns_access_token" time="0.387" /><testcase classname="backend.tests.test_p0_vocabulary_score_fix.TestP0BugFix" name="test_students_endpoint_returns_200" time="0.461" /><testcase classname="backend.tests.test_p0_vocabulary_score_fix.TestP0BugFix" name="test_students_endpoint_has_mastered_tokens" time="0.051" /><testcase classname="backend.tests.test_p0_vocabulary_score_fix.TestP0BugFix" name="test_students_endpoint_has_agentic_reach_score" time="0.050" /><testcase classname="backend.tests.test_p0_vocabulary_score_fix.TestP0BugFix" name="test_sj_student_has_nonzero_mastered_tokens" time="0.050" /><testcase classname="backend.tests.test_p0_vocabulary_score_fix.TestP0BugFix" name="test_sj_student_has_nonzero_score" time="0.048" /><testcase classname="backend.tests.test_p0_vocabulary_score_fix.TestP0ProgressEndpoint" name="test_progress_endpoint_returns_200" time="0.059" /><testcase classname="backend.tests.test_p0_vocabulary_score_fix.TestP0ProgressEndpoint" name="test_progress_endpoint_has_vocabulary_section" time="0.055" /><testcase classname="backend.tests.test_p0_vocabulary_score_fix.TestP0ProgressEndpoint" name="test_progress_vocabulary_mastered_count_nonzero" time="0.051" /><testcase classname="backend.tests.test_p0_vocabulary_score_fix.TestP0ProgressEndpoint" name="test_progress_student_score_nonzero" time="0.051" /><testcase classname="backend.tests.test_p0_vocabulary_score_fix.TestP0ProgressEndpoint" name="test_progress_has_recent_mastered_words" time="0.054" /><testcase classname="backend.tests.test_p0_vocabulary_score_fix.TestLandingPageAndAuth" name="test_landing_page_loads" time="0.135" /><testcase classname="backend.tests.test_p0_vocabulary_score_fix.TestLandingPageAndAuth" name="test_admin_login_success" time="0.343" /><testcase classname="backend.tests.test_p0_vocabulary_score_fix.TestLandingPageAndAuth" name="test_admin_has_guardian_access" time="0.046" /><testcase classname="backend.tests.test_p0_vocabulary_score_fix.TestDataIntegrity" name="test_mastered_tokens_are_strings" time="0.047" /><testcase classname="backend.tests.test_p0_vocabulary_score_fix.TestDataIntegrity" name="test_progress_all_mastered_are_strings" time="0.060" /></testsuite></testsuites>