<?xml version="1.0" encoding="utf-8"?><testsuites name="pytest tests"><testsuite name="pytest" errors="0" failures="1" skipped="0" tests="10" time="6.140" timestamp="2026-03-07T06:41:07.288437+00:00" hostname="agent-env-9d4aab2a-ad6a-4d3e-97b9-bb88b2237962"><testcase classname="backend.tests.test_progress_dashboard.TestProgressEndpointAuth" name="test_progress_requires_authentication" time="0.157"><failure message="AssertionError: Expected 401 Unauthorized, got 403&#10;assert 403 == 401&#10; +  where 403 = &lt;Response [403]&gt;.status_code">backend/tests/test_progress_dashboard.py:78: in test_progress_requires_authentication
    assert response.status_code == 401, f"Expected 401 Unauthorized, got {response.status_code}"
E   AssertionError: Expected 401 Unauthorized, got 403
E   assert 403 == 401
E    +  where 403 = &lt;Response [403]&gt;.status_code</failure></testcase><testcase classname="backend.tests.test_progress_dashboard.TestProgressEndpointAuth" name="test_progress_rejects_unauthorized_guardian" time="1.277" /><testcase classname="backend.tests.test_progress_dashboard.TestProgressEndpointData" name="test_progress_returns_correct_structure" time="0.472" /><testcase classname="backend.tests.test_progress_dashboard.TestProgressEndpointData" name="test_progress_student_data" time="0.556" /><testcase classname="backend.tests.test_progress_dashboard.TestProgressEndpointData" name="test_progress_reading_stats_structure" time="0.587" /><testcase classname="backend.tests.test_progress_dashboard.TestProgressEndpointData" name="test_progress_vocabulary_structure" time="0.536" /><testcase classname="backend.tests.test_progress_dashboard.TestProgressEndpointData" name="test_progress_assessments_structure" time="0.539" /><testcase classname="backend.tests.test_progress_dashboard.TestProgressEndpointData" name="test_progress_narratives_structure" time="0.547" /><testcase classname="backend.tests.test_progress_dashboard.TestProgressEmptyStates" name="test_progress_with_no_activity" time="0.900" /><testcase classname="backend.tests.test_progress_dashboard.TestProgressEndpointNotFound" name="test_progress_nonexistent_student" time="0.435" /></testsuite></testsuites>