<?xml version="1.0" encoding="utf-8"?><testsuites name="pytest tests"><testsuite name="pytest" errors="0" failures="0" skipped="0" tests="16" time="5.216" timestamp="2026-03-07T06:26:36.184348+00:00" hostname="agent-env-9d4aab2a-ad6a-4d3e-97b9-bb88b2237962"><testcase classname="backend.tests.test_leximaster_api.TestHealthEndpoints" name="test_api_root" time="0.177" /><testcase classname="backend.tests.test_leximaster_api.TestHealthEndpoints" name="test_health_check" time="0.107" /><testcase classname="backend.tests.test_leximaster_api.TestStudentLogin" name="test_student_login_with_6_digit_pin" time="0.113" /><testcase classname="backend.tests.test_leximaster_api.TestStudentLogin" name="test_student_login_with_6_digit_pin_second_student" time="0.104" /><testcase classname="backend.tests.test_leximaster_api.TestStudentLogin" name="test_student_login_wrong_pin" time="0.131" /><testcase classname="backend.tests.test_leximaster_api.TestStudentLogin" name="test_student_login_wrong_code" time="0.119" /><testcase classname="backend.tests.test_leximaster_api.TestGuardianAuth" name="test_guardian_registration" time="0.331" /><testcase classname="backend.tests.test_leximaster_api.TestGuardianAuth" name="test_guardian_login" time="0.648" /><testcase classname="backend.tests.test_leximaster_api.TestGuardianAuth" name="test_guardian_login_invalid_credentials" time="0.110" /><testcase classname="backend.tests.test_leximaster_api.TestGuardianAuth" name="test_duplicate_registration_fails" time="0.461" /><testcase classname="backend.tests.test_leximaster_api.TestWordBanks" name="test_get_word_banks" time="0.110" /><testcase classname="backend.tests.test_leximaster_api.TestWordBanks" name="test_get_word_bank_by_id" time="0.199" /><testcase classname="backend.tests.test_leximaster_api.TestStudentsAPI" name="test_create_student" time="0.771" /><testcase classname="backend.tests.test_leximaster_api.TestStudentsAPI" name="test_get_students_by_guardian" time="0.754" /><testcase classname="backend.tests.test_leximaster_api.TestStudentsAPI" name="test_student_login_after_creation" time="0.873" /><testcase classname="backend.tests.test_leximaster_api.TestSubscriptions" name="test_get_subscription_requires_auth" time="0.125" /></testsuite></testsuites>