<?xml version="1.0" encoding="utf-8"?><testsuites name="pytest tests"><testsuite name="pytest" errors="0" failures="0" skipped="0" tests="25" time="8.732" timestamp="2026-03-07T07:10:21.089108+00:00" hostname="agent-env-9d4aab2a-ad6a-4d3e-97b9-bb88b2237962"><testcase classname="backend.tests.test_teacher_portal.TestTeacherRegistration" name="test_teacher_registration_new_account" time="0.399" /><testcase classname="backend.tests.test_teacher_portal.TestTeacherRegistration" name="test_duplicate_teacher_registration_fails" time="0.434" /><testcase classname="backend.tests.test_teacher_portal.TestTeacherLogin" name="test_teacher_login_success" time="0.669" /><testcase classname="backend.tests.test_teacher_portal.TestTeacherLogin" name="test_teacher_login_invalid_credentials" time="0.102" /><testcase classname="backend.tests.test_teacher_portal.TestTeacherLogin" name="test_login_returns_role_field" time="0.699" /><testcase classname="backend.tests.test_teacher_portal.TestClassroomSessionCRUD" name="test_create_classroom_session" time="0.794" /><testcase classname="backend.tests.test_teacher_portal.TestClassroomSessionCRUD" name="test_list_classroom_sessions" time="0.204" /><testcase classname="backend.tests.test_teacher_portal.TestClassroomSessionCRUD" name="test_get_classroom_session_by_id" time="0.287" /><testcase classname="backend.tests.test_teacher_portal.TestClassroomSessionCRUD" name="test_start_classroom_session" time="0.214" /><testcase classname="backend.tests.test_teacher_portal.TestClassroomSessionCRUD" name="test_end_classroom_session" time="0.335" /><testcase classname="backend.tests.test_teacher_portal.TestClassroomSessionCRUD" name="test_create_session_requires_auth" time="0.108" /><testcase classname="backend.tests.test_teacher_portal.TestClassroomSessionCRUD" name="test_list_sessions_requires_auth" time="0.104" /><testcase classname="backend.tests.test_teacher_portal.TestStudentJoinSession" name="test_student_join_session_success" time="0.914" /><testcase classname="backend.tests.test_teacher_portal.TestStudentJoinSession" name="test_student_join_invalid_code" time="0.110" /><testcase classname="backend.tests.test_teacher_portal.TestStudentJoinSession" name="test_student_join_already_joined" time="0.211" /><testcase classname="backend.tests.test_teacher_portal.TestStudentJoinSession" name="test_join_with_invalid_student" time="0.099" /><testcase classname="backend.tests.test_teacher_portal.TestSessionAnalytics" name="test_get_session_analytics" time="1.003" /><testcase classname="backend.tests.test_teacher_portal.TestSessionAnalytics" name="test_analytics_requires_auth" time="0.105" /><testcase classname="backend.tests.test_teacher_portal.TestSessionAnalytics" name="test_analytics_empty_session" time="0.852" /><testcase classname="backend.tests.test_teacher_portal.TestGuardianAccessRestriction" name="test_guardian_cannot_create_session" time="0.441" /><testcase classname="backend.tests.test_teacher_portal.TestGuardianAccessRestriction" name="test_guardian_cannot_list_sessions" time="0.102" /><testcase classname="backend.tests.test_teacher_portal.TestGuardianAccessRestriction" name="test_guardian_cannot_start_session" time="0.102" /><testcase classname="backend.tests.test_teacher_portal.TestGuardianAccessRestriction" name="test_guardian_cannot_end_session" time="0.099" /><testcase classname="backend.tests.test_teacher_portal.TestGuardianAccessRestriction" name="test_guardian_cannot_get_analytics" time="0.101" /><testcase classname="backend.tests.test_teacher_portal.TestExistingSession" name="test_join_existing_session_by_code" time="0.108" /></testsuite></testsuites>